{"/Users/sumihiro/projects/ProjectLens/electron/main/database/connection-config.ts": {"path":"/Users/sumihiro/projects/ProjectLens/electron/main/database/connection-config.ts","all":true,"statementMap":{"6":{"start":{"line":7,"column":0},"end":{"line":7,"column":28}},"7":{"start":{"line":8,"column":0},"end":{"line":8,"column":24}},"53":{"start":{"line":54,"column":0},"end":{"line":54,"column":58}},"54":{"start":{"line":55,"column":0},"end":{"line":55,"column":52}},"55":{"start":{"line":56,"column":0},"end":{"line":56,"column":66}},"56":{"start":{"line":57,"column":0},"end":{"line":57,"column":21}},"57":{"start":{"line":58,"column":0},"end":{"line":58,"column":1}},"62":{"start":{"line":63,"column":0},"end":{"line":63,"column":52}},"63":{"start":{"line":64,"column":0},"end":{"line":64,"column":41}},"65":{"start":{"line":66,"column":0},"end":{"line":66,"column":10}},"66":{"start":{"line":67,"column":0},"end":{"line":67,"column":16}},"67":{"start":{"line":68,"column":0},"end":{"line":68,"column":38}},"68":{"start":{"line":69,"column":0},"end":{"line":69,"column":28}},"69":{"start":{"line":70,"column":0},"end":{"line":70,"column":22}},"70":{"start":{"line":71,"column":0},"end":{"line":71,"column":28}},"71":{"start":{"line":72,"column":0},"end":{"line":72,"column":71}},"72":{"start":{"line":73,"column":0},"end":{"line":73,"column":27}},"73":{"start":{"line":74,"column":0},"end":{"line":74,"column":22}},"74":{"start":{"line":75,"column":0},"end":{"line":75,"column":29}},"75":{"start":{"line":76,"column":0},"end":{"line":76,"column":49}},"76":{"start":{"line":77,"column":0},"end":{"line":77,"column":3}},"77":{"start":{"line":78,"column":0},"end":{"line":78,"column":1}},"82":{"start":{"line":83,"column":0},"end":{"line":83,"column":82}},"83":{"start":{"line":84,"column":0},"end":{"line":84,"column":24}},"84":{"start":{"line":85,"column":0},"end":{"line":85,"column":16}},"85":{"start":{"line":86,"column":0},"end":{"line":86,"column":37}},"86":{"start":{"line":87,"column":0},"end":{"line":87,"column":23}},"87":{"start":{"line":88,"column":0},"end":{"line":88,"column":61}},"88":{"start":{"line":89,"column":0},"end":{"line":89,"column":24}},"89":{"start":{"line":90,"column":0},"end":{"line":90,"column":74}},"90":{"start":{"line":91,"column":0},"end":{"line":91,"column":53}},"91":{"start":{"line":92,"column":0},"end":{"line":92,"column":5}},"92":{"start":{"line":93,"column":0},"end":{"line":93,"column":12}},"93":{"start":{"line":94,"column":0},"end":{"line":94,"column":46}},"94":{"start":{"line":95,"column":0},"end":{"line":95,"column":3}},"95":{"start":{"line":96,"column":0},"end":{"line":96,"column":1}},"100":{"start":{"line":101,"column":0},"end":{"line":101,"column":62}},"101":{"start":{"line":102,"column":0},"end":{"line":102,"column":28}},"102":{"start":{"line":103,"column":0},"end":{"line":103,"column":40}},"103":{"start":{"line":104,"column":0},"end":{"line":104,"column":3}},"105":{"start":{"line":106,"column":0},"end":{"line":106,"column":59}},"106":{"start":{"line":107,"column":0},"end":{"line":107,"column":52}},"107":{"start":{"line":108,"column":0},"end":{"line":108,"column":3}},"109":{"start":{"line":110,"column":0},"end":{"line":110,"column":68}},"110":{"start":{"line":111,"column":0},"end":{"line":111,"column":60}},"111":{"start":{"line":112,"column":0},"end":{"line":112,"column":3}},"113":{"start":{"line":114,"column":0},"end":{"line":114,"column":53}},"114":{"start":{"line":115,"column":0},"end":{"line":115,"column":49}},"115":{"start":{"line":116,"column":0},"end":{"line":116,"column":3}},"117":{"start":{"line":118,"column":0},"end":{"line":118,"column":51}},"118":{"start":{"line":119,"column":0},"end":{"line":119,"column":49}},"119":{"start":{"line":120,"column":0},"end":{"line":120,"column":3}},"120":{"start":{"line":121,"column":0},"end":{"line":121,"column":1}},"125":{"start":{"line":126,"column":0},"end":{"line":126,"column":109}},"126":{"start":{"line":127,"column":0},"end":{"line":127,"column":48}},"127":{"start":{"line":128,"column":0},"end":{"line":128,"column":24}},"128":{"start":{"line":129,"column":0},"end":{"line":129,"column":15}},"129":{"start":{"line":130,"column":0},"end":{"line":130,"column":1}},"134":{"start":{"line":135,"column":0},"end":{"line":135,"column":38}},"135":{"start":{"line":136,"column":0},"end":{"line":136,"column":20}},"136":{"start":{"line":137,"column":0},"end":{"line":137,"column":19}},"137":{"start":{"line":138,"column":0},"end":{"line":138,"column":25}},"138":{"start":{"line":139,"column":0},"end":{"line":139,"column":17}},"139":{"start":{"line":140,"column":0},"end":{"line":140,"column":14}},"140":{"start":{"line":141,"column":0},"end":{"line":141,"column":1}}},"s":{"6":0,"7":0,"53":0,"54":0,"55":0,"56":0,"57":0,"62":0,"63":0,"65":0,"66":0,"67":0,"68":0,"69":0,"70":0,"71":0,"72":0,"73":0,"74":0,"75":0,"76":0,"77":0,"82":0,"83":0,"84":0,"85":0,"86":0,"87":0,"88":0,"89":0,"90":0,"91":0,"92":0,"93":0,"94":0,"95":0,"100":0,"101":0,"102":0,"103":0,"105":0,"106":0,"107":0,"109":0,"110":0,"111":0,"113":0,"114":0,"115":0,"117":0,"118":0,"119":0,"120":0,"125":0,"126":0,"127":0,"128":0,"129":0,"134":0,"135":0,"136":0,"137":0,"138":0,"139":0,"140":0},"branchMap":{"0":{"type":"branch","line":1,"loc":{"start":{"line":1,"column":3231},"end":{"line":141,"column":1}},"locations":[{"start":{"line":1,"column":3231},"end":{"line":141,"column":1}}]}},"b":{"0":[1]},"fnMap":{"0":{"name":"(empty-report)","decl":{"start":{"line":1,"column":3231},"end":{"line":141,"column":1}},"loc":{"start":{"line":1,"column":3231},"end":{"line":141,"column":1}},"line":1}},"f":{"0":1}}
,"/Users/sumihiro/projects/ProjectLens/electron/main/database/connection-manager.ts": {"path":"/Users/sumihiro/projects/ProjectLens/electron/main/database/connection-manager.ts","all":true,"statementMap":{"6":{"start":{"line":7,"column":0},"end":{"line":7,"column":37}},"7":{"start":{"line":8,"column":0},"end":{"line":8,"column":52}},"8":{"start":{"line":9,"column":0},"end":{"line":9,"column":24}},"9":{"start":{"line":10,"column":0},"end":{"line":10,"column":28}},"10":{"start":{"line":11,"column":0},"end":{"line":11,"column":62}},"11":{"start":{"line":12,"column":0},"end":{"line":12,"column":8}},"16":{"start":{"line":17,"column":0},"end":{"line":17,"column":8}},"21":{"start":{"line":22,"column":0},"end":{"line":22,"column":33}},"22":{"start":{"line":23,"column":0},"end":{"line":23,"column":8}},"32":{"start":{"line":33,"column":0},"end":{"line":33,"column":80}},"37":{"start":{"line":38,"column":0},"end":{"line":38,"column":37}},"38":{"start":{"line":39,"column":0},"end":{"line":39,"column":65}},"39":{"start":{"line":40,"column":0},"end":{"line":40,"column":74}},"40":{"start":{"line":41,"column":0},"end":{"line":41,"column":41}},"41":{"start":{"line":42,"column":0},"end":{"line":42,"column":44}},"43":{"start":{"line":44,"column":0},"end":{"line":44,"column":79}},"44":{"start":{"line":45,"column":0},"end":{"line":45,"column":40}},"45":{"start":{"line":46,"column":0},"end":{"line":46,"column":46}},"46":{"start":{"line":47,"column":0},"end":{"line":47,"column":3}},"51":{"start":{"line":52,"column":0},"end":{"line":52,"column":93}},"52":{"start":{"line":53,"column":0},"end":{"line":53,"column":39}},"53":{"start":{"line":54,"column":0},"end":{"line":54,"column":67}},"55":{"start":{"line":56,"column":0},"end":{"line":56,"column":77}},"56":{"start":{"line":57,"column":0},"end":{"line":57,"column":38}},"57":{"start":{"line":58,"column":0},"end":{"line":58,"column":17}},"58":{"start":{"line":59,"column":0},"end":{"line":59,"column":40}},"59":{"start":{"line":60,"column":0},"end":{"line":60,"column":27}},"60":{"start":{"line":61,"column":0},"end":{"line":61,"column":8}},"62":{"start":{"line":63,"column":0},"end":{"line":63,"column":48}},"63":{"start":{"line":64,"column":0},"end":{"line":64,"column":42}},"64":{"start":{"line":65,"column":0},"end":{"line":65,"column":108}},"65":{"start":{"line":66,"column":0},"end":{"line":66,"column":41}},"66":{"start":{"line":67,"column":0},"end":{"line":67,"column":29}},"67":{"start":{"line":68,"column":0},"end":{"line":68,"column":71}},"68":{"start":{"line":69,"column":0},"end":{"line":69,"column":10}},"69":{"start":{"line":70,"column":0},"end":{"line":70,"column":25}},"70":{"start":{"line":71,"column":0},"end":{"line":71,"column":7}},"73":{"start":{"line":74,"column":0},"end":{"line":74,"column":57}},"74":{"start":{"line":75,"column":0},"end":{"line":75,"column":56}},"75":{"start":{"line":76,"column":0},"end":{"line":76,"column":52}},"76":{"start":{"line":77,"column":0},"end":{"line":77,"column":46}},"77":{"start":{"line":78,"column":0},"end":{"line":78,"column":10}},"78":{"start":{"line":79,"column":0},"end":{"line":79,"column":43}},"79":{"start":{"line":80,"column":0},"end":{"line":80,"column":59}},"80":{"start":{"line":81,"column":0},"end":{"line":81,"column":73}},"81":{"start":{"line":82,"column":0},"end":{"line":82,"column":51}},"82":{"start":{"line":83,"column":0},"end":{"line":83,"column":54}},"83":{"start":{"line":84,"column":0},"end":{"line":84,"column":48}},"84":{"start":{"line":85,"column":0},"end":{"line":85,"column":12}},"85":{"start":{"line":86,"column":0},"end":{"line":86,"column":21}},"86":{"start":{"line":87,"column":0},"end":{"line":87,"column":9}},"87":{"start":{"line":88,"column":0},"end":{"line":88,"column":7}},"89":{"start":{"line":90,"column":0},"end":{"line":90,"column":64}},"90":{"start":{"line":91,"column":0},"end":{"line":91,"column":43}},"93":{"start":{"line":94,"column":0},"end":{"line":94,"column":37}},"94":{"start":{"line":95,"column":0},"end":{"line":95,"column":17}},"95":{"start":{"line":96,"column":0},"end":{"line":96,"column":40}},"96":{"start":{"line":97,"column":0},"end":{"line":97,"column":26}},"97":{"start":{"line":98,"column":0},"end":{"line":98,"column":27}},"98":{"start":{"line":99,"column":0},"end":{"line":99,"column":36}},"99":{"start":{"line":100,"column":0},"end":{"line":100,"column":22}},"100":{"start":{"line":101,"column":0},"end":{"line":101,"column":30}},"101":{"start":{"line":102,"column":0},"end":{"line":102,"column":24}},"102":{"start":{"line":103,"column":0},"end":{"line":103,"column":28}},"103":{"start":{"line":104,"column":0},"end":{"line":104,"column":10}},"104":{"start":{"line":105,"column":0},"end":{"line":105,"column":8}},"106":{"start":{"line":107,"column":0},"end":{"line":107,"column":41}},"107":{"start":{"line":108,"column":0},"end":{"line":108,"column":17}},"108":{"start":{"line":109,"column":0},"end":{"line":109,"column":40}},"109":{"start":{"line":110,"column":0},"end":{"line":110,"column":27}},"110":{"start":{"line":111,"column":0},"end":{"line":111,"column":48}},"111":{"start":{"line":112,"column":0},"end":{"line":112,"column":8}},"113":{"start":{"line":114,"column":0},"end":{"line":114,"column":23}},"114":{"start":{"line":115,"column":0},"end":{"line":115,"column":6}},"115":{"start":{"line":116,"column":0},"end":{"line":116,"column":3}},"120":{"start":{"line":121,"column":0},"end":{"line":121,"column":104}},"121":{"start":{"line":122,"column":0},"end":{"line":122,"column":39}},"122":{"start":{"line":123,"column":0},"end":{"line":123,"column":32}},"124":{"start":{"line":125,"column":0},"end":{"line":125,"column":9}},"125":{"start":{"line":126,"column":0},"end":{"line":126,"column":38}},"126":{"start":{"line":127,"column":0},"end":{"line":127,"column":17}},"127":{"start":{"line":128,"column":0},"end":{"line":128,"column":40}},"128":{"start":{"line":129,"column":0},"end":{"line":129,"column":24}},"129":{"start":{"line":130,"column":0},"end":{"line":130,"column":68}},"130":{"start":{"line":131,"column":0},"end":{"line":131,"column":8}},"132":{"start":{"line":133,"column":0},"end":{"line":133,"column":49}},"133":{"start":{"line":134,"column":0},"end":{"line":134,"column":24}},"134":{"start":{"line":135,"column":0},"end":{"line":135,"column":50}},"135":{"start":{"line":136,"column":0},"end":{"line":136,"column":68}},"136":{"start":{"line":137,"column":0},"end":{"line":137,"column":64}},"137":{"start":{"line":138,"column":0},"end":{"line":138,"column":8}},"140":{"start":{"line":141,"column":0},"end":{"line":141,"column":52}},"142":{"start":{"line":143,"column":0},"end":{"line":143,"column":51}},"143":{"start":{"line":144,"column":0},"end":{"line":144,"column":41}},"144":{"start":{"line":145,"column":0},"end":{"line":145,"column":17}},"145":{"start":{"line":146,"column":0},"end":{"line":146,"column":40}},"146":{"start":{"line":147,"column":0},"end":{"line":147,"column":23}},"147":{"start":{"line":148,"column":0},"end":{"line":148,"column":32}},"148":{"start":{"line":149,"column":0},"end":{"line":149,"column":8}},"150":{"start":{"line":151,"column":0},"end":{"line":151,"column":23}},"151":{"start":{"line":152,"column":0},"end":{"line":152,"column":5}},"152":{"start":{"line":153,"column":0},"end":{"line":153,"column":19}},"153":{"start":{"line":154,"column":0},"end":{"line":154,"column":51}},"154":{"start":{"line":155,"column":0},"end":{"line":155,"column":50}},"155":{"start":{"line":156,"column":0},"end":{"line":156,"column":38}},"156":{"start":{"line":157,"column":0},"end":{"line":157,"column":17}},"157":{"start":{"line":158,"column":0},"end":{"line":158,"column":8}},"159":{"start":{"line":160,"column":0},"end":{"line":160,"column":58}},"160":{"start":{"line":161,"column":0},"end":{"line":161,"column":17}},"161":{"start":{"line":162,"column":0},"end":{"line":162,"column":40}},"162":{"start":{"line":163,"column":0},"end":{"line":163,"column":23}},"163":{"start":{"line":164,"column":0},"end":{"line":164,"column":32}},"164":{"start":{"line":165,"column":0},"end":{"line":165,"column":35}},"165":{"start":{"line":166,"column":0},"end":{"line":166,"column":8}},"167":{"start":{"line":168,"column":0},"end":{"line":168,"column":63}},"168":{"start":{"line":169,"column":0},"end":{"line":169,"column":5}},"169":{"start":{"line":170,"column":0},"end":{"line":170,"column":3}},"174":{"start":{"line":175,"column":0},"end":{"line":175,"column":103}},"175":{"start":{"line":176,"column":0},"end":{"line":176,"column":39}},"177":{"start":{"line":178,"column":0},"end":{"line":178,"column":9}},"178":{"start":{"line":179,"column":0},"end":{"line":179,"column":38}},"179":{"start":{"line":180,"column":0},"end":{"line":180,"column":40}},"180":{"start":{"line":181,"column":0},"end":{"line":181,"column":79}},"181":{"start":{"line":182,"column":0},"end":{"line":182,"column":62}},"182":{"start":{"line":183,"column":0},"end":{"line":183,"column":40}},"183":{"start":{"line":184,"column":0},"end":{"line":184,"column":36}},"184":{"start":{"line":185,"column":0},"end":{"line":185,"column":8}},"187":{"start":{"line":188,"column":0},"end":{"line":188,"column":72}},"188":{"start":{"line":189,"column":0},"end":{"line":189,"column":52}},"189":{"start":{"line":190,"column":0},"end":{"line":190,"column":38}},"190":{"start":{"line":191,"column":0},"end":{"line":191,"column":7}},"193":{"start":{"line":194,"column":0},"end":{"line":194,"column":47}},"194":{"start":{"line":195,"column":0},"end":{"line":195,"column":51}},"195":{"start":{"line":196,"column":0},"end":{"line":196,"column":38}},"196":{"start":{"line":197,"column":0},"end":{"line":197,"column":7}},"199":{"start":{"line":200,"column":0},"end":{"line":200,"column":31}},"200":{"start":{"line":201,"column":0},"end":{"line":201,"column":70}},"201":{"start":{"line":202,"column":0},"end":{"line":202,"column":77}},"202":{"start":{"line":203,"column":0},"end":{"line":203,"column":7}},"205":{"start":{"line":206,"column":0},"end":{"line":206,"column":29}},"206":{"start":{"line":207,"column":0},"end":{"line":207,"column":66}},"207":{"start":{"line":208,"column":0},"end":{"line":208,"column":72}},"208":{"start":{"line":209,"column":0},"end":{"line":209,"column":7}},"211":{"start":{"line":212,"column":0},"end":{"line":212,"column":37}},"212":{"start":{"line":213,"column":0},"end":{"line":213,"column":75}},"213":{"start":{"line":214,"column":0},"end":{"line":214,"column":79}},"214":{"start":{"line":215,"column":0},"end":{"line":215,"column":7}},"217":{"start":{"line":218,"column":0},"end":{"line":218,"column":48}},"218":{"start":{"line":219,"column":0},"end":{"line":219,"column":42}},"219":{"start":{"line":220,"column":0},"end":{"line":220,"column":42}},"220":{"start":{"line":221,"column":0},"end":{"line":221,"column":7}},"222":{"start":{"line":223,"column":0},"end":{"line":223,"column":41}},"223":{"start":{"line":224,"column":0},"end":{"line":224,"column":40}},"224":{"start":{"line":225,"column":0},"end":{"line":225,"column":80}},"225":{"start":{"line":226,"column":0},"end":{"line":226,"column":63}},"226":{"start":{"line":227,"column":0},"end":{"line":227,"column":8}},"227":{"start":{"line":228,"column":0},"end":{"line":228,"column":5}},"228":{"start":{"line":229,"column":0},"end":{"line":229,"column":19}},"229":{"start":{"line":230,"column":0},"end":{"line":230,"column":50}},"230":{"start":{"line":231,"column":0},"end":{"line":231,"column":37}},"231":{"start":{"line":232,"column":0},"end":{"line":232,"column":8}},"233":{"start":{"line":234,"column":0},"end":{"line":234,"column":45}},"234":{"start":{"line":235,"column":0},"end":{"line":235,"column":32}},"235":{"start":{"line":236,"column":0},"end":{"line":236,"column":35}},"236":{"start":{"line":237,"column":0},"end":{"line":237,"column":33}},"237":{"start":{"line":238,"column":0},"end":{"line":238,"column":41}},"238":{"start":{"line":239,"column":0},"end":{"line":239,"column":8}},"239":{"start":{"line":240,"column":0},"end":{"line":240,"column":5}},"240":{"start":{"line":241,"column":0},"end":{"line":241,"column":3}},"245":{"start":{"line":246,"column":0},"end":{"line":246,"column":57}},"246":{"start":{"line":247,"column":0},"end":{"line":247,"column":26}},"247":{"start":{"line":248,"column":0},"end":{"line":248,"column":46}},"249":{"start":{"line":250,"column":0},"end":{"line":250,"column":63}},"250":{"start":{"line":251,"column":0},"end":{"line":251,"column":89}},"251":{"start":{"line":252,"column":0},"end":{"line":252,"column":39}},"252":{"start":{"line":253,"column":0},"end":{"line":253,"column":7}},"253":{"start":{"line":254,"column":0},"end":{"line":254,"column":5}},"254":{"start":{"line":255,"column":0},"end":{"line":255,"column":3}},"259":{"start":{"line":260,"column":0},"end":{"line":260,"column":53}},"260":{"start":{"line":261,"column":0},"end":{"line":261,"column":39}},"261":{"start":{"line":262,"column":0},"end":{"line":262,"column":48}},"262":{"start":{"line":263,"column":0},"end":{"line":263,"column":56}},"264":{"start":{"line":265,"column":0},"end":{"line":265,"column":21}},"265":{"start":{"line":266,"column":0},"end":{"line":266,"column":11}},"266":{"start":{"line":267,"column":0},"end":{"line":267,"column":41}},"267":{"start":{"line":268,"column":0},"end":{"line":268,"column":29}},"268":{"start":{"line":269,"column":0},"end":{"line":269,"column":45}},"269":{"start":{"line":270,"column":0},"end":{"line":270,"column":51}},"270":{"start":{"line":271,"column":0},"end":{"line":271,"column":59}},"271":{"start":{"line":272,"column":0},"end":{"line":272,"column":10}},"273":{"start":{"line":274,"column":0},"end":{"line":274,"column":26}},"274":{"start":{"line":275,"column":0},"end":{"line":275,"column":36}},"276":{"start":{"line":277,"column":0},"end":{"line":277,"column":42}},"277":{"start":{"line":278,"column":0},"end":{"line":278,"column":29}},"278":{"start":{"line":279,"column":0},"end":{"line":279,"column":54}},"279":{"start":{"line":280,"column":0},"end":{"line":280,"column":10}},"280":{"start":{"line":281,"column":0},"end":{"line":281,"column":7}},"281":{"start":{"line":282,"column":0},"end":{"line":282,"column":21}},"282":{"start":{"line":283,"column":0},"end":{"line":283,"column":44}},"283":{"start":{"line":284,"column":0},"end":{"line":284,"column":29}},"284":{"start":{"line":285,"column":0},"end":{"line":285,"column":72}},"285":{"start":{"line":286,"column":0},"end":{"line":286,"column":10}},"286":{"start":{"line":287,"column":0},"end":{"line":287,"column":7}},"287":{"start":{"line":288,"column":0},"end":{"line":288,"column":5}},"289":{"start":{"line":290,"column":0},"end":{"line":290,"column":46}},"290":{"start":{"line":291,"column":0},"end":{"line":291,"column":15}},"291":{"start":{"line":292,"column":0},"end":{"line":292,"column":30}},"292":{"start":{"line":293,"column":0},"end":{"line":293,"column":41}},"293":{"start":{"line":294,"column":0},"end":{"line":294,"column":5}},"294":{"start":{"line":295,"column":0},"end":{"line":295,"column":3}},"299":{"start":{"line":300,"column":0},"end":{"line":300,"column":46}},"300":{"start":{"line":301,"column":0},"end":{"line":301,"column":39}},"301":{"start":{"line":302,"column":0},"end":{"line":302,"column":49}},"303":{"start":{"line":304,"column":0},"end":{"line":304,"column":40}},"304":{"start":{"line":305,"column":0},"end":{"line":305,"column":40}},"305":{"start":{"line":306,"column":0},"end":{"line":306,"column":6}},"307":{"start":{"line":308,"column":0},"end":{"line":308,"column":94}},"308":{"start":{"line":309,"column":0},"end":{"line":309,"column":31}},"310":{"start":{"line":311,"column":0},"end":{"line":311,"column":39}},"311":{"start":{"line":312,"column":0},"end":{"line":312,"column":41}},"312":{"start":{"line":313,"column":0},"end":{"line":313,"column":6}},"313":{"start":{"line":314,"column":0},"end":{"line":314,"column":3}},"318":{"start":{"line":319,"column":0},"end":{"line":319,"column":88}},"319":{"start":{"line":320,"column":0},"end":{"line":320,"column":39}},"320":{"start":{"line":321,"column":0},"end":{"line":321,"column":3}},"325":{"start":{"line":326,"column":0},"end":{"line":326,"column":58}},"326":{"start":{"line":327,"column":0},"end":{"line":327,"column":45}},"327":{"start":{"line":328,"column":0},"end":{"line":328,"column":19}},"328":{"start":{"line":329,"column":0},"end":{"line":329,"column":33}},"329":{"start":{"line":330,"column":0},"end":{"line":330,"column":25}},"330":{"start":{"line":331,"column":0},"end":{"line":331,"column":25}},"331":{"start":{"line":332,"column":0},"end":{"line":332,"column":20}},"332":{"start":{"line":333,"column":0},"end":{"line":333,"column":28}},"333":{"start":{"line":334,"column":0},"end":{"line":334,"column":22}},"334":{"start":{"line":335,"column":0},"end":{"line":335,"column":26}},"335":{"start":{"line":336,"column":0},"end":{"line":336,"column":8}},"336":{"start":{"line":337,"column":0},"end":{"line":337,"column":5}},"337":{"start":{"line":338,"column":0},"end":{"line":338,"column":3}},"342":{"start":{"line":343,"column":0},"end":{"line":343,"column":85}},"343":{"start":{"line":344,"column":0},"end":{"line":344,"column":47}},"344":{"start":{"line":345,"column":0},"end":{"line":345,"column":61}},"345":{"start":{"line":346,"column":0},"end":{"line":346,"column":3}},"350":{"start":{"line":351,"column":0},"end":{"line":351,"column":53}},"351":{"start":{"line":352,"column":0},"end":{"line":352,"column":52}},"352":{"start":{"line":353,"column":0},"end":{"line":353,"column":3}},"353":{"start":{"line":354,"column":0},"end":{"line":354,"column":1}},"358":{"start":{"line":359,"column":0},"end":{"line":359,"column":30}},"359":{"start":{"line":360,"column":0},"end":{"line":360,"column":42}},"360":{"start":{"line":361,"column":0},"end":{"line":361,"column":38}},"361":{"start":{"line":362,"column":0},"end":{"line":362,"column":70}},"362":{"start":{"line":363,"column":0},"end":{"line":363,"column":76}},"363":{"start":{"line":364,"column":0},"end":{"line":364,"column":32}},"364":{"start":{"line":365,"column":0},"end":{"line":365,"column":31}},"365":{"start":{"line":366,"column":0},"end":{"line":366,"column":46}},"367":{"start":{"line":368,"column":0},"end":{"line":368,"column":25}},"368":{"start":{"line":369,"column":0},"end":{"line":369,"column":44}},"369":{"start":{"line":370,"column":0},"end":{"line":370,"column":36}},"370":{"start":{"line":371,"column":0},"end":{"line":371,"column":87}},"371":{"start":{"line":372,"column":0},"end":{"line":372,"column":3}},"376":{"start":{"line":377,"column":0},"end":{"line":377,"column":48}},"377":{"start":{"line":378,"column":0},"end":{"line":378,"column":36}},"378":{"start":{"line":379,"column":0},"end":{"line":379,"column":54}},"379":{"start":{"line":380,"column":0},"end":{"line":380,"column":5}},"380":{"start":{"line":381,"column":0},"end":{"line":381,"column":35}},"381":{"start":{"line":382,"column":0},"end":{"line":382,"column":3}},"386":{"start":{"line":387,"column":0},"end":{"line":387,"column":76}},"387":{"start":{"line":388,"column":0},"end":{"line":388,"column":39}},"389":{"start":{"line":390,"column":0},"end":{"line":390,"column":29}},"390":{"start":{"line":391,"column":0},"end":{"line":391,"column":38}},"391":{"start":{"line":392,"column":0},"end":{"line":392,"column":12}},"392":{"start":{"line":393,"column":0},"end":{"line":393,"column":5}},"394":{"start":{"line":395,"column":0},"end":{"line":395,"column":32}},"396":{"start":{"line":397,"column":0},"end":{"line":397,"column":74}},"397":{"start":{"line":398,"column":0},"end":{"line":398,"column":11}},"398":{"start":{"line":399,"column":0},"end":{"line":399,"column":41}},"399":{"start":{"line":400,"column":0},"end":{"line":400,"column":47}},"400":{"start":{"line":401,"column":0},"end":{"line":401,"column":41}},"401":{"start":{"line":402,"column":0},"end":{"line":402,"column":10}},"404":{"start":{"line":405,"column":0},"end":{"line":405,"column":60}},"407":{"start":{"line":408,"column":0},"end":{"line":408,"column":96}},"409":{"start":{"line":410,"column":0},"end":{"line":410,"column":45}},"410":{"start":{"line":411,"column":0},"end":{"line":411,"column":17}},"411":{"start":{"line":412,"column":0},"end":{"line":412,"column":49}},"412":{"start":{"line":413,"column":0},"end":{"line":413,"column":47}},"413":{"start":{"line":414,"column":0},"end":{"line":414,"column":10}},"416":{"start":{"line":417,"column":0},"end":{"line":417,"column":62}},"419":{"start":{"line":420,"column":0},"end":{"line":420,"column":77}},"420":{"start":{"line":421,"column":0},"end":{"line":421,"column":28}},"421":{"start":{"line":422,"column":0},"end":{"line":422,"column":55}},"422":{"start":{"line":423,"column":0},"end":{"line":423,"column":9}},"423":{"start":{"line":424,"column":0},"end":{"line":424,"column":41}},"424":{"start":{"line":425,"column":0},"end":{"line":425,"column":57}},"425":{"start":{"line":426,"column":0},"end":{"line":426,"column":9}},"428":{"start":{"line":429,"column":0},"end":{"line":429,"column":54}},"431":{"start":{"line":432,"column":0},"end":{"line":432,"column":56}},"432":{"start":{"line":433,"column":0},"end":{"line":433,"column":61}},"433":{"start":{"line":434,"column":0},"end":{"line":434,"column":12}},"434":{"start":{"line":435,"column":0},"end":{"line":435,"column":15}},"435":{"start":{"line":436,"column":0},"end":{"line":436,"column":9}},"438":{"start":{"line":439,"column":0},"end":{"line":439,"column":73}},"439":{"start":{"line":440,"column":0},"end":{"line":440,"column":48}},"442":{"start":{"line":443,"column":0},"end":{"line":443,"column":67}},"443":{"start":{"line":444,"column":0},"end":{"line":444,"column":52}},"446":{"start":{"line":447,"column":0},"end":{"line":447,"column":43}},"447":{"start":{"line":448,"column":0},"end":{"line":448,"column":45}},"448":{"start":{"line":449,"column":0},"end":{"line":449,"column":36}},"449":{"start":{"line":450,"column":0},"end":{"line":450,"column":9}},"451":{"start":{"line":452,"column":0},"end":{"line":452,"column":33}},"452":{"start":{"line":453,"column":0},"end":{"line":453,"column":47}},"454":{"start":{"line":455,"column":0},"end":{"line":455,"column":42}},"455":{"start":{"line":456,"column":0},"end":{"line":456,"column":17}},"456":{"start":{"line":457,"column":0},"end":{"line":457,"column":47}},"457":{"start":{"line":458,"column":0},"end":{"line":458,"column":19}},"458":{"start":{"line":459,"column":0},"end":{"line":459,"column":24}},"459":{"start":{"line":460,"column":0},"end":{"line":460,"column":58}},"460":{"start":{"line":461,"column":0},"end":{"line":461,"column":10}},"461":{"start":{"line":462,"column":0},"end":{"line":462,"column":7}},"462":{"start":{"line":463,"column":0},"end":{"line":463,"column":21}},"463":{"start":{"line":464,"column":0},"end":{"line":464,"column":47}},"464":{"start":{"line":465,"column":0},"end":{"line":465,"column":96}},"465":{"start":{"line":466,"column":0},"end":{"line":466,"column":52}},"466":{"start":{"line":467,"column":0},"end":{"line":467,"column":34}},"467":{"start":{"line":468,"column":0},"end":{"line":468,"column":27}},"468":{"start":{"line":469,"column":0},"end":{"line":469,"column":10}},"470":{"start":{"line":471,"column":0},"end":{"line":471,"column":59}},"471":{"start":{"line":472,"column":0},"end":{"line":472,"column":17}},"472":{"start":{"line":473,"column":0},"end":{"line":473,"column":47}},"473":{"start":{"line":474,"column":0},"end":{"line":474,"column":19}},"474":{"start":{"line":475,"column":0},"end":{"line":475,"column":34}},"475":{"start":{"line":476,"column":0},"end":{"line":476,"column":37}},"476":{"start":{"line":477,"column":0},"end":{"line":477,"column":43}},"477":{"start":{"line":478,"column":0},"end":{"line":478,"column":10}},"479":{"start":{"line":480,"column":0},"end":{"line":480,"column":64}},"480":{"start":{"line":481,"column":0},"end":{"line":481,"column":7}},"481":{"start":{"line":482,"column":0},"end":{"line":482,"column":6}},"482":{"start":{"line":483,"column":0},"end":{"line":483,"column":3}},"487":{"start":{"line":488,"column":0},"end":{"line":488,"column":71}},"488":{"start":{"line":489,"column":0},"end":{"line":489,"column":51}},"489":{"start":{"line":490,"column":0},"end":{"line":490,"column":12}},"490":{"start":{"line":491,"column":0},"end":{"line":491,"column":5}},"492":{"start":{"line":493,"column":0},"end":{"line":493,"column":9}},"493":{"start":{"line":494,"column":0},"end":{"line":494,"column":42}},"494":{"start":{"line":495,"column":0},"end":{"line":495,"column":38}},"495":{"start":{"line":496,"column":0},"end":{"line":496,"column":63}},"496":{"start":{"line":497,"column":0},"end":{"line":497,"column":9}},"497":{"start":{"line":498,"column":0},"end":{"line":498,"column":8}},"498":{"start":{"line":499,"column":0},"end":{"line":499,"column":5}},"499":{"start":{"line":500,"column":0},"end":{"line":500,"column":19}},"500":{"start":{"line":501,"column":0},"end":{"line":501,"column":50}},"501":{"start":{"line":502,"column":0},"end":{"line":502,"column":43}},"502":{"start":{"line":503,"column":0},"end":{"line":503,"column":26}},"503":{"start":{"line":504,"column":0},"end":{"line":504,"column":8}},"504":{"start":{"line":505,"column":0},"end":{"line":505,"column":61}},"505":{"start":{"line":506,"column":0},"end":{"line":506,"column":5}},"506":{"start":{"line":507,"column":0},"end":{"line":507,"column":3}},"511":{"start":{"line":512,"column":0},"end":{"line":512,"column":76}},"512":{"start":{"line":513,"column":0},"end":{"line":513,"column":32}},"513":{"start":{"line":514,"column":0},"end":{"line":514,"column":31}},"514":{"start":{"line":515,"column":0},"end":{"line":515,"column":5}},"516":{"start":{"line":517,"column":0},"end":{"line":517,"column":9}},"518":{"start":{"line":519,"column":0},"end":{"line":519,"column":77}},"519":{"start":{"line":520,"column":0},"end":{"line":520,"column":84}},"520":{"start":{"line":521,"column":0},"end":{"line":521,"column":34}},"521":{"start":{"line":522,"column":0},"end":{"line":522,"column":59}},"522":{"start":{"line":523,"column":0},"end":{"line":523,"column":7}},"525":{"start":{"line":526,"column":0},"end":{"line":526,"column":53}},"526":{"start":{"line":527,"column":0},"end":{"line":527,"column":75}},"527":{"start":{"line":528,"column":0},"end":{"line":528,"column":59}},"529":{"start":{"line":530,"column":0},"end":{"line":530,"column":53}},"530":{"start":{"line":531,"column":0},"end":{"line":531,"column":97}},"531":{"start":{"line":532,"column":0},"end":{"line":532,"column":9}},"532":{"start":{"line":533,"column":0},"end":{"line":533,"column":7}},"533":{"start":{"line":534,"column":0},"end":{"line":534,"column":5}},"534":{"start":{"line":535,"column":0},"end":{"line":535,"column":19}},"535":{"start":{"line":536,"column":0},"end":{"line":536,"column":50}},"536":{"start":{"line":537,"column":0},"end":{"line":537,"column":49}},"537":{"start":{"line":538,"column":0},"end":{"line":538,"column":25}},"538":{"start":{"line":539,"column":0},"end":{"line":539,"column":8}},"541":{"start":{"line":542,"column":0},"end":{"line":542,"column":75}},"542":{"start":{"line":543,"column":0},"end":{"line":543,"column":65}},"543":{"start":{"line":544,"column":0},"end":{"line":544,"column":7}},"544":{"start":{"line":545,"column":0},"end":{"line":545,"column":12}},"545":{"start":{"line":546,"column":0},"end":{"line":546,"column":59}},"546":{"start":{"line":547,"column":0},"end":{"line":547,"column":7}},"547":{"start":{"line":548,"column":0},"end":{"line":548,"column":5}},"548":{"start":{"line":549,"column":0},"end":{"line":549,"column":3}},"553":{"start":{"line":554,"column":0},"end":{"line":554,"column":59}},"554":{"start":{"line":555,"column":0},"end":{"line":555,"column":34}},"555":{"start":{"line":556,"column":0},"end":{"line":556,"column":44}},"556":{"start":{"line":557,"column":0},"end":{"line":557,"column":5}},"558":{"start":{"line":559,"column":0},"end":{"line":559,"column":46}},"559":{"start":{"line":560,"column":0},"end":{"line":560,"column":60}},"560":{"start":{"line":561,"column":0},"end":{"line":561,"column":40}},"561":{"start":{"line":562,"column":0},"end":{"line":562,"column":27}},"562":{"start":{"line":563,"column":0},"end":{"line":563,"column":61}},"563":{"start":{"line":564,"column":0},"end":{"line":564,"column":37}},"564":{"start":{"line":565,"column":0},"end":{"line":565,"column":5}},"566":{"start":{"line":567,"column":0},"end":{"line":567,"column":9}},"567":{"start":{"line":568,"column":0},"end":{"line":568,"column":81}},"568":{"start":{"line":569,"column":0},"end":{"line":569,"column":5}},"569":{"start":{"line":570,"column":0},"end":{"line":570,"column":19}},"570":{"start":{"line":571,"column":0},"end":{"line":571,"column":50}},"571":{"start":{"line":572,"column":0},"end":{"line":572,"column":35}},"572":{"start":{"line":573,"column":0},"end":{"line":573,"column":8}},"573":{"start":{"line":574,"column":0},"end":{"line":574,"column":63}},"574":{"start":{"line":575,"column":0},"end":{"line":575,"column":5}},"575":{"start":{"line":576,"column":0},"end":{"line":576,"column":3}},"580":{"start":{"line":581,"column":0},"end":{"line":581,"column":51}},"581":{"start":{"line":582,"column":0},"end":{"line":582,"column":31}},"582":{"start":{"line":583,"column":0},"end":{"line":583,"column":67}},"583":{"start":{"line":584,"column":0},"end":{"line":584,"column":5}},"584":{"start":{"line":585,"column":0},"end":{"line":585,"column":30}},"585":{"start":{"line":586,"column":0},"end":{"line":586,"column":3}},"590":{"start":{"line":591,"column":0},"end":{"line":591,"column":48}},"591":{"start":{"line":592,"column":0},"end":{"line":592,"column":34}},"592":{"start":{"line":593,"column":0},"end":{"line":593,"column":69}},"593":{"start":{"line":594,"column":0},"end":{"line":594,"column":5}},"594":{"start":{"line":595,"column":0},"end":{"line":595,"column":33}},"595":{"start":{"line":596,"column":0},"end":{"line":596,"column":3}},"600":{"start":{"line":601,"column":0},"end":{"line":601,"column":23}},"609":{"start":{"line":610,"column":0},"end":{"line":610,"column":5}},"610":{"start":{"line":611,"column":0},"end":{"line":611,"column":61}},"611":{"start":{"line":612,"column":0},"end":{"line":612,"column":48}},"613":{"start":{"line":614,"column":0},"end":{"line":614,"column":12}},"614":{"start":{"line":615,"column":0},"end":{"line":615,"column":40}},"615":{"start":{"line":616,"column":0},"end":{"line":616,"column":43}},"616":{"start":{"line":617,"column":0},"end":{"line":617,"column":40}},"617":{"start":{"line":618,"column":0},"end":{"line":618,"column":54}},"618":{"start":{"line":619,"column":0},"end":{"line":619,"column":22}},"619":{"start":{"line":620,"column":0},"end":{"line":620,"column":28}},"620":{"start":{"line":621,"column":0},"end":{"line":621,"column":26}},"621":{"start":{"line":622,"column":0},"end":{"line":622,"column":8}},"622":{"start":{"line":623,"column":0},"end":{"line":623,"column":5}},"623":{"start":{"line":624,"column":0},"end":{"line":624,"column":3}},"628":{"start":{"line":629,"column":0},"end":{"line":629,"column":58}},"629":{"start":{"line":630,"column":0},"end":{"line":630,"column":56}},"631":{"start":{"line":632,"column":0},"end":{"line":632,"column":39}},"633":{"start":{"line":634,"column":0},"end":{"line":634,"column":81}},"634":{"start":{"line":635,"column":0},"end":{"line":635,"column":49}},"636":{"start":{"line":637,"column":0},"end":{"line":637,"column":57}},"637":{"start":{"line":638,"column":0},"end":{"line":638,"column":118}},"638":{"start":{"line":639,"column":0},"end":{"line":639,"column":116}},"640":{"start":{"line":641,"column":0},"end":{"line":641,"column":41}},"641":{"start":{"line":642,"column":0},"end":{"line":642,"column":20}},"642":{"start":{"line":643,"column":0},"end":{"line":643,"column":34}},"643":{"start":{"line":644,"column":0},"end":{"line":644,"column":37}},"644":{"start":{"line":645,"column":0},"end":{"line":645,"column":42}},"645":{"start":{"line":646,"column":0},"end":{"line":646,"column":8}},"646":{"start":{"line":647,"column":0},"end":{"line":647,"column":6}},"647":{"start":{"line":648,"column":0},"end":{"line":648,"column":3}},"652":{"start":{"line":653,"column":0},"end":{"line":653,"column":41}},"653":{"start":{"line":654,"column":0},"end":{"line":654,"column":39}},"655":{"start":{"line":656,"column":0},"end":{"line":656,"column":9}},"656":{"start":{"line":657,"column":0},"end":{"line":657,"column":43}},"657":{"start":{"line":658,"column":0},"end":{"line":658,"column":42}},"658":{"start":{"line":659,"column":0},"end":{"line":659,"column":48}},"659":{"start":{"line":660,"column":0},"end":{"line":660,"column":8}},"661":{"start":{"line":662,"column":0},"end":{"line":662,"column":43}},"662":{"start":{"line":663,"column":0},"end":{"line":663,"column":40}},"663":{"start":{"line":664,"column":0},"end":{"line":664,"column":37}},"664":{"start":{"line":665,"column":0},"end":{"line":665,"column":32}},"666":{"start":{"line":667,"column":0},"end":{"line":667,"column":44}},"667":{"start":{"line":668,"column":0},"end":{"line":668,"column":5}},"668":{"start":{"line":669,"column":0},"end":{"line":669,"column":19}},"669":{"start":{"line":670,"column":0},"end":{"line":670,"column":63}},"670":{"start":{"line":671,"column":0},"end":{"line":671,"column":17}},"671":{"start":{"line":672,"column":0},"end":{"line":672,"column":5}},"672":{"start":{"line":673,"column":0},"end":{"line":673,"column":3}},"677":{"start":{"line":678,"column":0},"end":{"line":678,"column":51}},"678":{"start":{"line":679,"column":0},"end":{"line":679,"column":39}},"680":{"start":{"line":681,"column":0},"end":{"line":681,"column":78}},"681":{"start":{"line":682,"column":0},"end":{"line":682,"column":39}},"683":{"start":{"line":684,"column":0},"end":{"line":684,"column":11}},"684":{"start":{"line":685,"column":0},"end":{"line":685,"column":64}},"686":{"start":{"line":687,"column":0},"end":{"line":687,"column":43}},"687":{"start":{"line":688,"column":0},"end":{"line":688,"column":26}},"688":{"start":{"line":689,"column":0},"end":{"line":689,"column":44}},"689":{"start":{"line":690,"column":0},"end":{"line":690,"column":10}},"691":{"start":{"line":692,"column":0},"end":{"line":692,"column":21}},"692":{"start":{"line":693,"column":0},"end":{"line":693,"column":7}},"693":{"start":{"line":694,"column":0},"end":{"line":694,"column":21}},"694":{"start":{"line":695,"column":0},"end":{"line":695,"column":58}},"695":{"start":{"line":696,"column":0},"end":{"line":696,"column":20}},"696":{"start":{"line":697,"column":0},"end":{"line":697,"column":7}},"697":{"start":{"line":698,"column":0},"end":{"line":698,"column":6}},"698":{"start":{"line":699,"column":0},"end":{"line":699,"column":3}},"703":{"start":{"line":704,"column":0},"end":{"line":704,"column":58}},"704":{"start":{"line":705,"column":0},"end":{"line":705,"column":39}},"706":{"start":{"line":707,"column":0},"end":{"line":707,"column":75}},"707":{"start":{"line":708,"column":0},"end":{"line":708,"column":41}},"709":{"start":{"line":710,"column":0},"end":{"line":710,"column":11}},"710":{"start":{"line":711,"column":0},"end":{"line":711,"column":61}},"712":{"start":{"line":713,"column":0},"end":{"line":713,"column":45}},"713":{"start":{"line":714,"column":0},"end":{"line":714,"column":32}},"714":{"start":{"line":715,"column":0},"end":{"line":715,"column":44}},"715":{"start":{"line":716,"column":0},"end":{"line":716,"column":45}},"716":{"start":{"line":717,"column":0},"end":{"line":717,"column":10}},"718":{"start":{"line":719,"column":0},"end":{"line":719,"column":56}},"719":{"start":{"line":720,"column":0},"end":{"line":720,"column":45}},"720":{"start":{"line":721,"column":0},"end":{"line":721,"column":34}},"721":{"start":{"line":722,"column":0},"end":{"line":722,"column":12}},"722":{"start":{"line":723,"column":0},"end":{"line":723,"column":9}},"724":{"start":{"line":725,"column":0},"end":{"line":725,"column":21}},"725":{"start":{"line":726,"column":0},"end":{"line":726,"column":7}},"726":{"start":{"line":727,"column":0},"end":{"line":727,"column":21}},"727":{"start":{"line":728,"column":0},"end":{"line":728,"column":60}},"728":{"start":{"line":729,"column":0},"end":{"line":729,"column":19}},"729":{"start":{"line":730,"column":0},"end":{"line":730,"column":7}},"730":{"start":{"line":731,"column":0},"end":{"line":731,"column":6}},"731":{"start":{"line":732,"column":0},"end":{"line":732,"column":3}},"736":{"start":{"line":737,"column":0},"end":{"line":737,"column":33}},"737":{"start":{"line":738,"column":0},"end":{"line":738,"column":57}},"738":{"start":{"line":739,"column":0},"end":{"line":739,"column":3}},"739":{"start":{"line":740,"column":0},"end":{"line":740,"column":1}}},"s":{"6":0,"7":0,"8":0,"9":0,"10":0,"11":0,"16":0,"21":0,"22":0,"32":0,"37":0,"38":0,"39":0,"40":0,"41":0,"43":0,"44":0,"45":0,"46":0,"51":0,"52":0,"53":0,"55":0,"56":0,"57":0,"58":0,"59":0,"60":0,"62":0,"63":0,"64":0,"65":0,"66":0,"67":0,"68":0,"69":0,"70":0,"73":0,"74":0,"75":0,"76":0,"77":0,"78":0,"79":0,"80":0,"81":0,"82":0,"83":0,"84":0,"85":0,"86":0,"87":0,"89":0,"90":0,"93":0,"94":0,"95":0,"96":0,"97":0,"98":0,"99":0,"100":0,"101":0,"102":0,"103":0,"104":0,"106":0,"107":0,"108":0,"109":0,"110":0,"111":0,"113":0,"114":0,"115":0,"120":0,"121":0,"122":0,"124":0,"125":0,"126":0,"127":0,"128":0,"129":0,"130":0,"132":0,"133":0,"134":0,"135":0,"136":0,"137":0,"140":0,"142":0,"143":0,"144":0,"145":0,"146":0,"147":0,"148":0,"150":0,"151":0,"152":0,"153":0,"154":0,"155":0,"156":0,"157":0,"159":0,"160":0,"161":0,"162":0,"163":0,"164":0,"165":0,"167":0,"168":0,"169":0,"174":0,"175":0,"177":0,"178":0,"179":0,"180":0,"181":0,"182":0,"183":0,"184":0,"187":0,"188":0,"189":0,"190":0,"193":0,"194":0,"195":0,"196":0,"199":0,"200":0,"201":0,"202":0,"205":0,"206":0,"207":0,"208":0,"211":0,"212":0,"213":0,"214":0,"217":0,"218":0,"219":0,"220":0,"222":0,"223":0,"224":0,"225":0,"226":0,"227":0,"228":0,"229":0,"230":0,"231":0,"233":0,"234":0,"235":0,"236":0,"237":0,"238":0,"239":0,"240":0,"245":0,"246":0,"247":0,"249":0,"250":0,"251":0,"252":0,"253":0,"254":0,"259":0,"260":0,"261":0,"262":0,"264":0,"265":0,"266":0,"267":0,"268":0,"269":0,"270":0,"271":0,"273":0,"274":0,"276":0,"277":0,"278":0,"279":0,"280":0,"281":0,"282":0,"283":0,"284":0,"285":0,"286":0,"287":0,"289":0,"290":0,"291":0,"292":0,"293":0,"294":0,"299":0,"300":0,"301":0,"303":0,"304":0,"305":0,"307":0,"308":0,"310":0,"311":0,"312":0,"313":0,"318":0,"319":0,"320":0,"325":0,"326":0,"327":0,"328":0,"329":0,"330":0,"331":0,"332":0,"333":0,"334":0,"335":0,"336":0,"337":0,"342":0,"343":0,"344":0,"345":0,"350":0,"351":0,"352":0,"353":0,"358":0,"359":0,"360":0,"361":0,"362":0,"363":0,"364":0,"365":0,"367":0,"368":0,"369":0,"370":0,"371":0,"376":0,"377":0,"378":0,"379":0,"380":0,"381":0,"386":0,"387":0,"389":0,"390":0,"391":0,"392":0,"394":0,"396":0,"397":0,"398":0,"399":0,"400":0,"401":0,"404":0,"407":0,"409":0,"410":0,"411":0,"412":0,"413":0,"416":0,"419":0,"420":0,"421":0,"422":0,"423":0,"424":0,"425":0,"428":0,"431":0,"432":0,"433":0,"434":0,"435":0,"438":0,"439":0,"442":0,"443":0,"446":0,"447":0,"448":0,"449":0,"451":0,"452":0,"454":0,"455":0,"456":0,"457":0,"458":0,"459":0,"460":0,"461":0,"462":0,"463":0,"464":0,"465":0,"466":0,"467":0,"468":0,"470":0,"471":0,"472":0,"473":0,"474":0,"475":0,"476":0,"477":0,"479":0,"480":0,"481":0,"482":0,"487":0,"488":0,"489":0,"490":0,"492":0,"493":0,"494":0,"495":0,"496":0,"497":0,"498":0,"499":0,"500":0,"501":0,"502":0,"503":0,"504":0,"505":0,"506":0,"511":0,"512":0,"513":0,"514":0,"516":0,"518":0,"519":0,"520":0,"521":0,"522":0,"525":0,"526":0,"527":0,"529":0,"530":0,"531":0,"532":0,"533":0,"534":0,"535":0,"536":0,"537":0,"538":0,"541":0,"542":0,"543":0,"544":0,"545":0,"546":0,"547":0,"548":0,"553":0,"554":0,"555":0,"556":0,"558":0,"559":0,"560":0,"561":0,"562":0,"563":0,"564":0,"566":0,"567":0,"568":0,"569":0,"570":0,"571":0,"572":0,"573":0,"574":0,"575":0,"580":0,"581":0,"582":0,"583":0,"584":0,"585":0,"590":0,"591":0,"592":0,"593":0,"594":0,"595":0,"600":0,"609":0,"610":0,"611":0,"613":0,"614":0,"615":0,"616":0,"617":0,"618":0,"619":0,"620":0,"621":0,"622":0,"623":0,"628":0,"629":0,"631":0,"633":0,"634":0,"636":0,"637":0,"638":0,"640":0,"641":0,"642":0,"643":0,"644":0,"645":0,"646":0,"647":0,"652":0,"653":0,"655":0,"656":0,"657":0,"658":0,"659":0,"661":0,"662":0,"663":0,"664":0,"666":0,"667":0,"668":0,"669":0,"670":0,"671":0,"672":0,"677":0,"678":0,"680":0,"681":0,"683":0,"684":0,"686":0,"687":0,"688":0,"689":0,"691":0,"692":0,"693":0,"694":0,"695":0,"696":0,"697":0,"698":0,"703":0,"704":0,"706":0,"707":0,"709":0,"710":0,"712":0,"713":0,"714":0,"715":0,"716":0,"718":0,"719":0,"720":0,"721":0,"722":0,"724":0,"725":0,"726":0,"727":0,"728":0,"729":0,"730":0,"731":0,"736":0,"737":0,"738":0,"739":0},"branchMap":{"0":{"type":"branch","line":1,"loc":{"start":{"line":1,"column":20582},"end":{"line":740,"column":1}},"locations":[{"start":{"line":1,"column":20582},"end":{"line":740,"column":1}}]}},"b":{"0":[1]},"fnMap":{"0":{"name":"(empty-report)","decl":{"start":{"line":1,"column":20582},"end":{"line":740,"column":1}},"loc":{"start":{"line":1,"column":20582},"end":{"line":740,"column":1}},"line":1}},"f":{"0":1}}
,"/Users/sumihiro/projects/ProjectLens/electron/main/database/connection.ts": {"path":"/Users/sumihiro/projects/ProjectLens/electron/main/database/connection.ts","all":true,"statementMap":{"15":{"start":{"line":16,"column":0},"end":{"line":16,"column":62}},"21":{"start":{"line":22,"column":0},"end":{"line":22,"column":54}},"24":{"start":{"line":25,"column":0},"end":{"line":25,"column":8}},"29":{"start":{"line":30,"column":0},"end":{"line":30,"column":8}},"38":{"start":{"line":39,"column":0},"end":{"line":39,"column":8}},"56":{"start":{"line":57,"column":0},"end":{"line":57,"column":48}},"57":{"start":{"line":58,"column":0},"end":{"line":58,"column":38}},"58":{"start":{"line":59,"column":0},"end":{"line":59,"column":1}},"63":{"start":{"line":64,"column":0},"end":{"line":64,"column":113}},"64":{"start":{"line":65,"column":0},"end":{"line":65,"column":37}},"66":{"start":{"line":67,"column":0},"end":{"line":67,"column":80}},"67":{"start":{"line":68,"column":0},"end":{"line":68,"column":36}},"68":{"start":{"line":69,"column":0},"end":{"line":69,"column":32}},"69":{"start":{"line":70,"column":0},"end":{"line":70,"column":52}},"70":{"start":{"line":71,"column":0},"end":{"line":71,"column":6}},"72":{"start":{"line":73,"column":0},"end":{"line":73,"column":9}},"73":{"start":{"line":74,"column":0},"end":{"line":74,"column":30}},"74":{"start":{"line":75,"column":0},"end":{"line":75,"column":33}},"75":{"start":{"line":76,"column":0},"end":{"line":76,"column":45}},"77":{"start":{"line":78,"column":0},"end":{"line":78,"column":39}},"78":{"start":{"line":79,"column":0},"end":{"line":79,"column":54}},"79":{"start":{"line":80,"column":0},"end":{"line":80,"column":26}},"80":{"start":{"line":81,"column":0},"end":{"line":81,"column":8}},"82":{"start":{"line":83,"column":0},"end":{"line":83,"column":28}},"83":{"start":{"line":84,"column":0},"end":{"line":84,"column":5}},"84":{"start":{"line":85,"column":0},"end":{"line":85,"column":19}},"85":{"start":{"line":86,"column":0},"end":{"line":86,"column":56}},"86":{"start":{"line":87,"column":0},"end":{"line":87,"column":54}},"87":{"start":{"line":88,"column":0},"end":{"line":88,"column":29}},"88":{"start":{"line":89,"column":0},"end":{"line":89,"column":8}},"89":{"start":{"line":90,"column":0},"end":{"line":90,"column":17}},"90":{"start":{"line":91,"column":0},"end":{"line":91,"column":5}},"91":{"start":{"line":92,"column":0},"end":{"line":92,"column":4}},"92":{"start":{"line":93,"column":0},"end":{"line":93,"column":1}},"97":{"start":{"line":98,"column":0},"end":{"line":98,"column":38}},"98":{"start":{"line":99,"column":0},"end":{"line":99,"column":58}},"99":{"start":{"line":100,"column":0},"end":{"line":100,"column":15}},"100":{"start":{"line":101,"column":0},"end":{"line":101,"column":37}},"101":{"start":{"line":102,"column":0},"end":{"line":102,"column":26}},"102":{"start":{"line":103,"column":0},"end":{"line":103,"column":35}},"104":{"start":{"line":105,"column":0},"end":{"line":105,"column":74}},"105":{"start":{"line":106,"column":0},"end":{"line":106,"column":32}},"107":{"start":{"line":108,"column":0},"end":{"line":108,"column":9}},"108":{"start":{"line":109,"column":0},"end":{"line":109,"column":40}},"110":{"start":{"line":111,"column":0},"end":{"line":111,"column":45}},"111":{"start":{"line":112,"column":0},"end":{"line":112,"column":32}},"112":{"start":{"line":113,"column":0},"end":{"line":113,"column":43}},"114":{"start":{"line":115,"column":0},"end":{"line":115,"column":42}},"116":{"start":{"line":117,"column":0},"end":{"line":117,"column":43}},"117":{"start":{"line":118,"column":0},"end":{"line":118,"column":18}},"118":{"start":{"line":119,"column":0},"end":{"line":119,"column":26}},"119":{"start":{"line":120,"column":0},"end":{"line":120,"column":8}},"121":{"start":{"line":122,"column":0},"end":{"line":122,"column":29}},"122":{"start":{"line":123,"column":0},"end":{"line":123,"column":39}},"123":{"start":{"line":124,"column":0},"end":{"line":124,"column":20}},"124":{"start":{"line":125,"column":0},"end":{"line":125,"column":26}},"125":{"start":{"line":126,"column":0},"end":{"line":126,"column":10}},"126":{"start":{"line":127,"column":0},"end":{"line":127,"column":7}},"128":{"start":{"line":129,"column":0},"end":{"line":129,"column":19}},"129":{"start":{"line":130,"column":0},"end":{"line":130,"column":5}},"130":{"start":{"line":131,"column":0},"end":{"line":131,"column":19}},"131":{"start":{"line":132,"column":0},"end":{"line":132,"column":32}},"132":{"start":{"line":133,"column":0},"end":{"line":133,"column":43}},"134":{"start":{"line":135,"column":0},"end":{"line":135,"column":42}},"136":{"start":{"line":137,"column":0},"end":{"line":137,"column":64}},"137":{"start":{"line":138,"column":0},"end":{"line":138,"column":18}},"138":{"start":{"line":139,"column":0},"end":{"line":139,"column":25}},"139":{"start":{"line":140,"column":0},"end":{"line":140,"column":8}},"141":{"start":{"line":142,"column":0},"end":{"line":142,"column":17}},"142":{"start":{"line":143,"column":0},"end":{"line":143,"column":5}},"143":{"start":{"line":144,"column":0},"end":{"line":144,"column":4}},"144":{"start":{"line":145,"column":0},"end":{"line":145,"column":1}},"149":{"start":{"line":150,"column":0},"end":{"line":150,"column":44}},"150":{"start":{"line":151,"column":0},"end":{"line":151,"column":109}},"151":{"start":{"line":152,"column":0},"end":{"line":152,"column":15}},"152":{"start":{"line":153,"column":0},"end":{"line":153,"column":37}},"153":{"start":{"line":154,"column":0},"end":{"line":154,"column":26}},"154":{"start":{"line":155,"column":0},"end":{"line":155,"column":35}},"156":{"start":{"line":157,"column":0},"end":{"line":157,"column":80}},"157":{"start":{"line":158,"column":0},"end":{"line":158,"column":32}},"159":{"start":{"line":160,"column":0},"end":{"line":160,"column":9}},"160":{"start":{"line":161,"column":0},"end":{"line":161,"column":45}},"162":{"start":{"line":163,"column":0},"end":{"line":163,"column":63}},"163":{"start":{"line":164,"column":0},"end":{"line":164,"column":32}},"164":{"start":{"line":165,"column":0},"end":{"line":165,"column":49}},"166":{"start":{"line":167,"column":0},"end":{"line":167,"column":48}},"168":{"start":{"line":169,"column":0},"end":{"line":169,"column":47}},"169":{"start":{"line":170,"column":0},"end":{"line":170,"column":24}},"170":{"start":{"line":171,"column":0},"end":{"line":171,"column":28}},"171":{"start":{"line":172,"column":0},"end":{"line":172,"column":8}},"173":{"start":{"line":174,"column":0},"end":{"line":174,"column":35}},"174":{"start":{"line":175,"column":0},"end":{"line":175,"column":49}},"175":{"start":{"line":176,"column":0},"end":{"line":176,"column":26}},"176":{"start":{"line":177,"column":0},"end":{"line":177,"column":26}},"177":{"start":{"line":178,"column":0},"end":{"line":178,"column":10}},"178":{"start":{"line":179,"column":0},"end":{"line":179,"column":7}},"180":{"start":{"line":181,"column":0},"end":{"line":181,"column":19}},"181":{"start":{"line":182,"column":0},"end":{"line":182,"column":5}},"182":{"start":{"line":183,"column":0},"end":{"line":183,"column":19}},"183":{"start":{"line":184,"column":0},"end":{"line":184,"column":32}},"184":{"start":{"line":185,"column":0},"end":{"line":185,"column":49}},"186":{"start":{"line":187,"column":0},"end":{"line":187,"column":48}},"188":{"start":{"line":189,"column":0},"end":{"line":189,"column":65}},"189":{"start":{"line":190,"column":0},"end":{"line":190,"column":24}},"190":{"start":{"line":191,"column":0},"end":{"line":191,"column":30}},"191":{"start":{"line":192,"column":0},"end":{"line":192,"column":8}},"193":{"start":{"line":194,"column":0},"end":{"line":194,"column":17}},"194":{"start":{"line":195,"column":0},"end":{"line":195,"column":5}},"195":{"start":{"line":196,"column":0},"end":{"line":196,"column":4}},"196":{"start":{"line":197,"column":0},"end":{"line":197,"column":1}},"201":{"start":{"line":202,"column":0},"end":{"line":202,"column":30}}},"s":{"15":0,"21":0,"24":0,"29":0,"38":0,"56":0,"57":0,"58":0,"63":0,"64":0,"66":0,"67":0,"68":0,"69":0,"70":0,"72":0,"73":0,"74":0,"75":0,"77":0,"78":0,"79":0,"80":0,"82":0,"83":0,"84":0,"85":0,"86":0,"87":0,"88":0,"89":0,"90":0,"91":0,"92":0,"97":0,"98":0,"99":0,"100":0,"101":0,"102":0,"104":0,"105":0,"107":0,"108":0,"110":0,"111":0,"112":0,"114":0,"116":0,"117":0,"118":0,"119":0,"121":0,"122":0,"123":0,"124":0,"125":0,"126":0,"128":0,"129":0,"130":0,"131":0,"132":0,"134":0,"136":0,"137":0,"138":0,"139":0,"141":0,"142":0,"143":0,"144":0,"149":0,"150":0,"151":0,"152":0,"153":0,"154":0,"156":0,"157":0,"159":0,"160":0,"162":0,"163":0,"164":0,"166":0,"168":0,"169":0,"170":0,"171":0,"173":0,"174":0,"175":0,"176":0,"177":0,"178":0,"180":0,"181":0,"182":0,"183":0,"184":0,"186":0,"188":0,"189":0,"190":0,"191":0,"193":0,"194":0,"195":0,"196":0,"201":0},"branchMap":{"0":{"type":"branch","line":1,"loc":{"start":{"line":1,"column":4645},"end":{"line":202,"column":30}},"locations":[{"start":{"line":1,"column":4645},"end":{"line":202,"column":30}}]}},"b":{"0":[1]},"fnMap":{"0":{"name":"(empty-report)","decl":{"start":{"line":1,"column":4645},"end":{"line":202,"column":30}},"loc":{"start":{"line":1,"column":4645},"end":{"line":202,"column":30}},"line":1}},"f":{"0":1}}
,"/Users/sumihiro/projects/ProjectLens/electron/main/database/health-checker.ts": {"path":"/Users/sumihiro/projects/ProjectLens/electron/main/database/health-checker.ts","all":true,"statementMap":{"7":{"start":{"line":8,"column":0},"end":{"line":8,"column":81}},"38":{"start":{"line":39,"column":0},"end":{"line":39,"column":36}},"39":{"start":{"line":40,"column":0},"end":{"line":40,"column":51}},"40":{"start":{"line":41,"column":0},"end":{"line":41,"column":32}},"41":{"start":{"line":42,"column":0},"end":{"line":42,"column":48}},"42":{"start":{"line":43,"column":0},"end":{"line":43,"column":18}},"43":{"start":{"line":44,"column":0},"end":{"line":44,"column":24}},"44":{"start":{"line":45,"column":0},"end":{"line":45,"column":22}},"45":{"start":{"line":46,"column":0},"end":{"line":46,"column":3}},"47":{"start":{"line":48,"column":0},"end":{"line":48,"column":82}},"48":{"start":{"line":49,"column":0},"end":{"line":49,"column":32}},"49":{"start":{"line":50,"column":0},"end":{"line":50,"column":24}},"50":{"start":{"line":51,"column":0},"end":{"line":51,"column":3}},"55":{"start":{"line":56,"column":0},"end":{"line":56,"column":69}},"56":{"start":{"line":57,"column":0},"end":{"line":57,"column":32}},"57":{"start":{"line":58,"column":0},"end":{"line":58,"column":3}},"62":{"start":{"line":63,"column":0},"end":{"line":63,"column":46}},"63":{"start":{"line":64,"column":0},"end":{"line":64,"column":24}},"64":{"start":{"line":65,"column":0},"end":{"line":65,"column":3}},"69":{"start":{"line":70,"column":0},"end":{"line":70,"column":44}},"70":{"start":{"line":71,"column":0},"end":{"line":71,"column":9}},"71":{"start":{"line":72,"column":0},"end":{"line":72,"column":29}},"72":{"start":{"line":73,"column":0},"end":{"line":73,"column":20}},"73":{"start":{"line":74,"column":0},"end":{"line":74,"column":7}},"75":{"start":{"line":76,"column":0},"end":{"line":76,"column":34}},"76":{"start":{"line":77,"column":0},"end":{"line":77,"column":38}},"77":{"start":{"line":78,"column":0},"end":{"line":78,"column":32}},"79":{"start":{"line":80,"column":0},"end":{"line":80,"column":54}},"80":{"start":{"line":81,"column":0},"end":{"line":81,"column":17}},"81":{"start":{"line":82,"column":0},"end":{"line":82,"column":5}},"82":{"start":{"line":83,"column":0},"end":{"line":83,"column":19}},"83":{"start":{"line":84,"column":0},"end":{"line":84,"column":50}},"84":{"start":{"line":85,"column":0},"end":{"line":85,"column":36}},"85":{"start":{"line":86,"column":0},"end":{"line":86,"column":8}},"86":{"start":{"line":87,"column":0},"end":{"line":87,"column":57}},"87":{"start":{"line":88,"column":0},"end":{"line":88,"column":18}},"88":{"start":{"line":89,"column":0},"end":{"line":89,"column":5}},"89":{"start":{"line":90,"column":0},"end":{"line":90,"column":3}},"94":{"start":{"line":95,"column":0},"end":{"line":95,"column":51}},"95":{"start":{"line":96,"column":0},"end":{"line":96,"column":32}},"96":{"start":{"line":97,"column":0},"end":{"line":97,"column":31}},"97":{"start":{"line":98,"column":0},"end":{"line":98,"column":20}},"98":{"start":{"line":99,"column":0},"end":{"line":99,"column":24}},"99":{"start":{"line":100,"column":0},"end":{"line":100,"column":23}},"100":{"start":{"line":101,"column":0},"end":{"line":101,"column":25}},"101":{"start":{"line":102,"column":0},"end":{"line":102,"column":25}},"102":{"start":{"line":103,"column":0},"end":{"line":103,"column":5}},"104":{"start":{"line":105,"column":0},"end":{"line":105,"column":9}},"106":{"start":{"line":107,"column":0},"end":{"line":107,"column":53}},"107":{"start":{"line":108,"column":0},"end":{"line":108,"column":31}},"108":{"start":{"line":109,"column":0},"end":{"line":109,"column":38}},"109":{"start":{"line":110,"column":0},"end":{"line":110,"column":7}},"112":{"start":{"line":113,"column":0},"end":{"line":113,"column":82}},"113":{"start":{"line":114,"column":0},"end":{"line":114,"column":32}},"114":{"start":{"line":115,"column":0},"end":{"line":115,"column":94}},"115":{"start":{"line":116,"column":0},"end":{"line":116,"column":7}},"118":{"start":{"line":119,"column":0},"end":{"line":119,"column":78}},"119":{"start":{"line":120,"column":0},"end":{"line":120,"column":13}},"120":{"start":{"line":121,"column":0},"end":{"line":121,"column":91}},"121":{"start":{"line":122,"column":0},"end":{"line":122,"column":77}},"122":{"start":{"line":123,"column":0},"end":{"line":123,"column":34}},"123":{"start":{"line":124,"column":0},"end":{"line":124,"column":41}},"124":{"start":{"line":125,"column":0},"end":{"line":125,"column":11}},"126":{"start":{"line":127,"column":0},"end":{"line":127,"column":99}},"127":{"start":{"line":128,"column":0},"end":{"line":128,"column":75}},"128":{"start":{"line":129,"column":0},"end":{"line":129,"column":36}},"129":{"start":{"line":130,"column":0},"end":{"line":130,"column":41}},"130":{"start":{"line":131,"column":0},"end":{"line":131,"column":11}},"131":{"start":{"line":132,"column":0},"end":{"line":132,"column":9}},"132":{"start":{"line":133,"column":0},"end":{"line":133,"column":23}},"133":{"start":{"line":134,"column":0},"end":{"line":134,"column":96}},"134":{"start":{"line":135,"column":0},"end":{"line":135,"column":9}},"135":{"start":{"line":136,"column":0},"end":{"line":136,"column":7}},"136":{"start":{"line":137,"column":0},"end":{"line":137,"column":12}},"138":{"start":{"line":139,"column":0},"end":{"line":139,"column":31}},"139":{"start":{"line":140,"column":0},"end":{"line":140,"column":33}},"140":{"start":{"line":141,"column":0},"end":{"line":141,"column":7}},"142":{"start":{"line":143,"column":0},"end":{"line":143,"column":49}},"143":{"start":{"line":144,"column":0},"end":{"line":144,"column":83}},"145":{"start":{"line":146,"column":0},"end":{"line":146,"column":61}},"146":{"start":{"line":147,"column":0},"end":{"line":147,"column":23}},"147":{"start":{"line":148,"column":0},"end":{"line":148,"column":56}},"148":{"start":{"line":149,"column":0},"end":{"line":149,"column":7}},"150":{"start":{"line":151,"column":0},"end":{"line":151,"column":14}},"151":{"start":{"line":152,"column":0},"end":{"line":152,"column":18}},"152":{"start":{"line":153,"column":0},"end":{"line":153,"column":15}},"153":{"start":{"line":154,"column":0},"end":{"line":154,"column":21}},"154":{"start":{"line":155,"column":0},"end":{"line":155,"column":15}},"155":{"start":{"line":156,"column":0},"end":{"line":156,"column":15}},"156":{"start":{"line":157,"column":0},"end":{"line":157,"column":7}},"157":{"start":{"line":158,"column":0},"end":{"line":158,"column":5}},"158":{"start":{"line":159,"column":0},"end":{"line":159,"column":19}},"159":{"start":{"line":160,"column":0},"end":{"line":160,"column":49}},"160":{"start":{"line":161,"column":0},"end":{"line":161,"column":95}},"161":{"start":{"line":162,"column":0},"end":{"line":162,"column":14}},"162":{"start":{"line":163,"column":0},"end":{"line":163,"column":25}},"163":{"start":{"line":164,"column":0},"end":{"line":164,"column":24}},"164":{"start":{"line":165,"column":0},"end":{"line":165,"column":21}},"165":{"start":{"line":166,"column":0},"end":{"line":166,"column":15}},"166":{"start":{"line":167,"column":0},"end":{"line":167,"column":15}},"167":{"start":{"line":168,"column":0},"end":{"line":168,"column":7}},"168":{"start":{"line":169,"column":0},"end":{"line":169,"column":5}},"169":{"start":{"line":170,"column":0},"end":{"line":170,"column":3}},"174":{"start":{"line":175,"column":0},"end":{"line":175,"column":51}},"175":{"start":{"line":176,"column":0},"end":{"line":176,"column":62}},"176":{"start":{"line":177,"column":0},"end":{"line":177,"column":128}},"177":{"start":{"line":178,"column":0},"end":{"line":178,"column":126}},"179":{"start":{"line":180,"column":0},"end":{"line":180,"column":29}},"180":{"start":{"line":181,"column":0},"end":{"line":181,"column":32}},"181":{"start":{"line":182,"column":0},"end":{"line":182,"column":35}},"182":{"start":{"line":183,"column":0},"end":{"line":183,"column":40}},"183":{"start":{"line":184,"column":0},"end":{"line":184,"column":5}},"184":{"start":{"line":185,"column":0},"end":{"line":185,"column":3}},"189":{"start":{"line":190,"column":0},"end":{"line":190,"column":43}},"190":{"start":{"line":191,"column":0},"end":{"line":191,"column":39}},"191":{"start":{"line":192,"column":0},"end":{"line":192,"column":3}},"196":{"start":{"line":197,"column":0},"end":{"line":197,"column":33}},"197":{"start":{"line":198,"column":0},"end":{"line":198,"column":29}},"198":{"start":{"line":199,"column":0},"end":{"line":199,"column":20}},"199":{"start":{"line":200,"column":0},"end":{"line":200,"column":26}},"200":{"start":{"line":201,"column":0},"end":{"line":201,"column":24}},"201":{"start":{"line":202,"column":0},"end":{"line":202,"column":5}},"202":{"start":{"line":203,"column":0},"end":{"line":203,"column":3}},"207":{"start":{"line":208,"column":0},"end":{"line":208,"column":32}},"213":{"start":{"line":214,"column":0},"end":{"line":214,"column":5}},"214":{"start":{"line":215,"column":0},"end":{"line":215,"column":44}},"215":{"start":{"line":216,"column":0},"end":{"line":216,"column":40}},"216":{"start":{"line":217,"column":0},"end":{"line":217,"column":32}},"219":{"start":{"line":220,"column":0},"end":{"line":220,"column":39}},"220":{"start":{"line":221,"column":0},"end":{"line":221,"column":31}},"221":{"start":{"line":222,"column":0},"end":{"line":222,"column":71}},"222":{"start":{"line":223,"column":0},"end":{"line":223,"column":5}},"225":{"start":{"line":226,"column":0},"end":{"line":226,"column":31}},"226":{"start":{"line":227,"column":0},"end":{"line":227,"column":76}},"227":{"start":{"line":228,"column":0},"end":{"line":228,"column":32}},"228":{"start":{"line":229,"column":0},"end":{"line":229,"column":33}},"229":{"start":{"line":230,"column":0},"end":{"line":230,"column":90}},"230":{"start":{"line":231,"column":0},"end":{"line":231,"column":7}},"231":{"start":{"line":232,"column":0},"end":{"line":232,"column":5}},"234":{"start":{"line":235,"column":0},"end":{"line":235,"column":32}},"235":{"start":{"line":236,"column":0},"end":{"line":236,"column":65}},"236":{"start":{"line":237,"column":0},"end":{"line":237,"column":5}},"238":{"start":{"line":239,"column":0},"end":{"line":239,"column":12}},"239":{"start":{"line":240,"column":0},"end":{"line":240,"column":12}},"240":{"start":{"line":241,"column":0},"end":{"line":241,"column":17}},"241":{"start":{"line":242,"column":0},"end":{"line":242,"column":26}},"242":{"start":{"line":243,"column":0},"end":{"line":243,"column":24}},"243":{"start":{"line":244,"column":0},"end":{"line":244,"column":8}},"244":{"start":{"line":245,"column":0},"end":{"line":245,"column":5}},"245":{"start":{"line":246,"column":0},"end":{"line":246,"column":3}},"246":{"start":{"line":247,"column":0},"end":{"line":247,"column":1}}},"s":{"7":0,"38":0,"39":0,"40":0,"41":0,"42":0,"43":0,"44":0,"45":0,"47":0,"48":0,"49":0,"50":0,"55":0,"56":0,"57":0,"62":0,"63":0,"64":0,"69":0,"70":0,"71":0,"72":0,"73":0,"75":0,"76":0,"77":0,"79":0,"80":0,"81":0,"82":0,"83":0,"84":0,"85":0,"86":0,"87":0,"88":0,"89":0,"94":0,"95":0,"96":0,"97":0,"98":0,"99":0,"100":0,"101":0,"102":0,"104":0,"106":0,"107":0,"108":0,"109":0,"112":0,"113":0,"114":0,"115":0,"118":0,"119":0,"120":0,"121":0,"122":0,"123":0,"124":0,"126":0,"127":0,"128":0,"129":0,"130":0,"131":0,"132":0,"133":0,"134":0,"135":0,"136":0,"138":0,"139":0,"140":0,"142":0,"143":0,"145":0,"146":0,"147":0,"148":0,"150":0,"151":0,"152":0,"153":0,"154":0,"155":0,"156":0,"157":0,"158":0,"159":0,"160":0,"161":0,"162":0,"163":0,"164":0,"165":0,"166":0,"167":0,"168":0,"169":0,"174":0,"175":0,"176":0,"177":0,"179":0,"180":0,"181":0,"182":0,"183":0,"184":0,"189":0,"190":0,"191":0,"196":0,"197":0,"198":0,"199":0,"200":0,"201":0,"202":0,"207":0,"213":0,"214":0,"215":0,"216":0,"219":0,"220":0,"221":0,"222":0,"225":0,"226":0,"227":0,"228":0,"229":0,"230":0,"231":0,"234":0,"235":0,"236":0,"238":0,"239":0,"240":0,"241":0,"242":0,"243":0,"244":0,"245":0,"246":0},"branchMap":{"0":{"type":"branch","line":1,"loc":{"start":{"line":1,"column":6033},"end":{"line":247,"column":1}},"locations":[{"start":{"line":1,"column":6033},"end":{"line":247,"column":1}}]}},"b":{"0":[1]},"fnMap":{"0":{"name":"(empty-report)","decl":{"start":{"line":1,"column":6033},"end":{"line":247,"column":1}},"loc":{"start":{"line":1,"column":6033},"end":{"line":247,"column":1}},"line":1}},"f":{"0":1}}
,"/Users/sumihiro/projects/ProjectLens/electron/main/database/test.ts": {"path":"/Users/sumihiro/projects/ProjectLens/electron/main/database/test.ts","all":true,"statementMap":{"7":{"start":{"line":8,"column":0},"end":{"line":8,"column":76}},"8":{"start":{"line":9,"column":0},"end":{"line":9,"column":60}},"13":{"start":{"line":14,"column":0},"end":{"line":14,"column":46}},"14":{"start":{"line":15,"column":0},"end":{"line":15,"column":40}},"16":{"start":{"line":17,"column":0},"end":{"line":17,"column":7}},"18":{"start":{"line":19,"column":0},"end":{"line":19,"column":30}},"19":{"start":{"line":20,"column":0},"end":{"line":20,"column":26}},"20":{"start":{"line":21,"column":0},"end":{"line":21,"column":52}},"21":{"start":{"line":22,"column":0},"end":{"line":22,"column":6}},"23":{"start":{"line":24,"column":0},"end":{"line":24,"column":32}},"26":{"start":{"line":27,"column":0},"end":{"line":27,"column":28}},"27":{"start":{"line":28,"column":0},"end":{"line":28,"column":49}},"28":{"start":{"line":29,"column":0},"end":{"line":29,"column":56}},"31":{"start":{"line":32,"column":0},"end":{"line":32,"column":38}},"33":{"start":{"line":34,"column":0},"end":{"line":34,"column":29}},"43":{"start":{"line":44,"column":0},"end":{"line":44,"column":8}},"46":{"start":{"line":47,"column":0},"end":{"line":47,"column":29}},"56":{"start":{"line":57,"column":0},"end":{"line":57,"column":8}},"58":{"start":{"line":59,"column":0},"end":{"line":59,"column":17}},"59":{"start":{"line":60,"column":0},"end":{"line":60,"column":6}},"61":{"start":{"line":62,"column":0},"end":{"line":62,"column":33}},"64":{"start":{"line":65,"column":0},"end":{"line":65,"column":38}},"65":{"start":{"line":66,"column":0},"end":{"line":66,"column":44}},"68":{"start":{"line":69,"column":0},"end":{"line":69,"column":8}},"69":{"start":{"line":70,"column":0},"end":{"line":70,"column":19}},"70":{"start":{"line":71,"column":0},"end":{"line":71,"column":6}},"72":{"start":{"line":73,"column":0},"end":{"line":73,"column":28}},"75":{"start":{"line":76,"column":0},"end":{"line":76,"column":52}},"76":{"start":{"line":77,"column":0},"end":{"line":77,"column":65}},"77":{"start":{"line":78,"column":0},"end":{"line":78,"column":19}},"78":{"start":{"line":79,"column":0},"end":{"line":79,"column":6}},"80":{"start":{"line":81,"column":0},"end":{"line":81,"column":54}},"83":{"start":{"line":84,"column":0},"end":{"line":84,"column":33}},"84":{"start":{"line":85,"column":0},"end":{"line":85,"column":129}},"87":{"start":{"line":88,"column":0},"end":{"line":88,"column":46}},"88":{"start":{"line":89,"column":0},"end":{"line":89,"column":70}},"89":{"start":{"line":90,"column":0},"end":{"line":90,"column":33}},"90":{"start":{"line":91,"column":0},"end":{"line":91,"column":57}},"91":{"start":{"line":92,"column":0},"end":{"line":92,"column":5}},"93":{"start":{"line":94,"column":0},"end":{"line":94,"column":22}},"94":{"start":{"line":95,"column":0},"end":{"line":95,"column":30}},"95":{"start":{"line":96,"column":0},"end":{"line":96,"column":3}},"96":{"start":{"line":97,"column":0},"end":{"line":97,"column":17}},"97":{"start":{"line":98,"column":0},"end":{"line":98,"column":85}},"98":{"start":{"line":99,"column":0},"end":{"line":99,"column":15}},"99":{"start":{"line":100,"column":0},"end":{"line":100,"column":3}},"101":{"start":{"line":102,"column":0},"end":{"line":102,"column":40}},"102":{"start":{"line":103,"column":0},"end":{"line":103,"column":1}},"107":{"start":{"line":108,"column":0},"end":{"line":108,"column":36}},"108":{"start":{"line":109,"column":0},"end":{"line":109,"column":39}},"110":{"start":{"line":111,"column":0},"end":{"line":111,"column":57}},"113":{"start":{"line":114,"column":0},"end":{"line":114,"column":22}},"114":{"start":{"line":115,"column":0},"end":{"line":115,"column":63}},"115":{"start":{"line":116,"column":0},"end":{"line":116,"column":55}},"116":{"start":{"line":117,"column":0},"end":{"line":117,"column":55}},"117":{"start":{"line":118,"column":0},"end":{"line":118,"column":49}},"118":{"start":{"line":119,"column":0},"end":{"line":119,"column":66}},"119":{"start":{"line":120,"column":0},"end":{"line":120,"column":61}},"120":{"start":{"line":121,"column":0},"end":{"line":121,"column":40}},"121":{"start":{"line":122,"column":0},"end":{"line":122,"column":3}},"123":{"start":{"line":124,"column":0},"end":{"line":124,"column":40}},"124":{"start":{"line":125,"column":0},"end":{"line":125,"column":54}},"125":{"start":{"line":126,"column":0},"end":{"line":126,"column":43}},"126":{"start":{"line":127,"column":0},"end":{"line":127,"column":26}},"127":{"start":{"line":128,"column":0},"end":{"line":128,"column":6}},"129":{"start":{"line":130,"column":0},"end":{"line":130,"column":110}},"130":{"start":{"line":131,"column":0},"end":{"line":131,"column":46}},"131":{"start":{"line":132,"column":0},"end":{"line":132,"column":56}},"132":{"start":{"line":133,"column":0},"end":{"line":133,"column":4}},"135":{"start":{"line":136,"column":0},"end":{"line":136,"column":53}},"136":{"start":{"line":137,"column":0},"end":{"line":137,"column":53}},"139":{"start":{"line":140,"column":0},"end":{"line":140,"column":69}},"140":{"start":{"line":141,"column":0},"end":{"line":141,"column":61}},"141":{"start":{"line":142,"column":0},"end":{"line":142,"column":84}},"143":{"start":{"line":144,"column":0},"end":{"line":144,"column":39}},"144":{"start":{"line":145,"column":0},"end":{"line":145,"column":1}},"149":{"start":{"line":150,"column":0},"end":{"line":150,"column":48}},"150":{"start":{"line":151,"column":0},"end":{"line":151,"column":35}},"152":{"start":{"line":153,"column":0},"end":{"line":153,"column":55}},"154":{"start":{"line":155,"column":0},"end":{"line":155,"column":35}},"155":{"start":{"line":156,"column":0},"end":{"line":156,"column":38}},"157":{"start":{"line":158,"column":0},"end":{"line":158,"column":9}},"159":{"start":{"line":160,"column":0},"end":{"line":160,"column":30}},"160":{"start":{"line":161,"column":0},"end":{"line":161,"column":27}},"161":{"start":{"line":162,"column":0},"end":{"line":162,"column":25}},"162":{"start":{"line":163,"column":0},"end":{"line":163,"column":32}},"163":{"start":{"line":164,"column":0},"end":{"line":164,"column":8}},"165":{"start":{"line":166,"column":0},"end":{"line":166,"column":35}},"166":{"start":{"line":167,"column":0},"end":{"line":167,"column":36}},"167":{"start":{"line":168,"column":0},"end":{"line":168,"column":53}},"168":{"start":{"line":169,"column":0},"end":{"line":169,"column":48}},"170":{"start":{"line":171,"column":0},"end":{"line":171,"column":24}},"171":{"start":{"line":172,"column":0},"end":{"line":172,"column":40}},"172":{"start":{"line":173,"column":0},"end":{"line":173,"column":5}},"173":{"start":{"line":174,"column":0},"end":{"line":174,"column":19}},"174":{"start":{"line":175,"column":0},"end":{"line":175,"column":95}},"175":{"start":{"line":176,"column":0},"end":{"line":176,"column":5}},"176":{"start":{"line":177,"column":0},"end":{"line":177,"column":3}},"178":{"start":{"line":179,"column":0},"end":{"line":179,"column":35}},"179":{"start":{"line":180,"column":0},"end":{"line":180,"column":1}},"184":{"start":{"line":185,"column":0},"end":{"line":185,"column":42}},"185":{"start":{"line":186,"column":0},"end":{"line":186,"column":53}},"186":{"start":{"line":187,"column":0},"end":{"line":187,"column":29}},"188":{"start":{"line":189,"column":0},"end":{"line":189,"column":7}},"189":{"start":{"line":190,"column":0},"end":{"line":190,"column":39}},"190":{"start":{"line":191,"column":0},"end":{"line":191,"column":17}},"192":{"start":{"line":193,"column":0},"end":{"line":193,"column":29}},"193":{"start":{"line":194,"column":0},"end":{"line":194,"column":17}},"195":{"start":{"line":196,"column":0},"end":{"line":196,"column":41}},"196":{"start":{"line":197,"column":0},"end":{"line":197,"column":17}},"198":{"start":{"line":199,"column":0},"end":{"line":199,"column":37}},"199":{"start":{"line":200,"column":0},"end":{"line":200,"column":31}},"201":{"start":{"line":202,"column":0},"end":{"line":202,"column":15}},"202":{"start":{"line":203,"column":0},"end":{"line":203,"column":3}},"203":{"start":{"line":204,"column":0},"end":{"line":204,"column":17}},"204":{"start":{"line":205,"column":0},"end":{"line":205,"column":44}},"205":{"start":{"line":206,"column":0},"end":{"line":206,"column":24}},"206":{"start":{"line":207,"column":0},"end":{"line":207,"column":31}},"208":{"start":{"line":209,"column":0},"end":{"line":209,"column":16}},"209":{"start":{"line":210,"column":0},"end":{"line":210,"column":3}},"210":{"start":{"line":211,"column":0},"end":{"line":211,"column":1}},"213":{"start":{"line":214,"column":0},"end":{"line":214,"column":30}},"214":{"start":{"line":215,"column":0},"end":{"line":215,"column":20}},"215":{"start":{"line":216,"column":0},"end":{"line":216,"column":24}},"216":{"start":{"line":217,"column":0},"end":{"line":217,"column":31}},"217":{"start":{"line":218,"column":0},"end":{"line":218,"column":35}},"218":{"start":{"line":219,"column":0},"end":{"line":219,"column":6}},"219":{"start":{"line":220,"column":0},"end":{"line":220,"column":23}},"220":{"start":{"line":221,"column":0},"end":{"line":221,"column":42}},"221":{"start":{"line":222,"column":0},"end":{"line":222,"column":21}},"222":{"start":{"line":223,"column":0},"end":{"line":223,"column":6}},"223":{"start":{"line":224,"column":0},"end":{"line":224,"column":1}},"225":{"start":{"line":226,"column":0},"end":{"line":226,"column":35}}},"s":{"7":0,"8":0,"13":0,"14":0,"16":0,"18":0,"19":0,"20":0,"21":0,"23":0,"26":0,"27":0,"28":0,"31":0,"33":0,"43":0,"46":0,"56":0,"58":0,"59":0,"61":0,"64":0,"65":0,"68":0,"69":0,"70":0,"72":0,"75":0,"76":0,"77":0,"78":0,"80":0,"83":0,"84":0,"87":0,"88":0,"89":0,"90":0,"91":0,"93":0,"94":0,"95":0,"96":0,"97":0,"98":0,"99":0,"101":0,"102":0,"107":0,"108":0,"110":0,"113":0,"114":0,"115":0,"116":0,"117":0,"118":0,"119":0,"120":0,"121":0,"123":0,"124":0,"125":0,"126":0,"127":0,"129":0,"130":0,"131":0,"132":0,"135":0,"136":0,"139":0,"140":0,"141":0,"143":0,"144":0,"149":0,"150":0,"152":0,"154":0,"155":0,"157":0,"159":0,"160":0,"161":0,"162":0,"163":0,"165":0,"166":0,"167":0,"168":0,"170":0,"171":0,"172":0,"173":0,"174":0,"175":0,"176":0,"178":0,"179":0,"184":0,"185":0,"186":0,"188":0,"189":0,"190":0,"192":0,"193":0,"195":0,"196":0,"198":0,"199":0,"201":0,"202":0,"203":0,"204":0,"205":0,"206":0,"208":0,"209":0,"210":0,"213":0,"214":0,"215":0,"216":0,"217":0,"218":0,"219":0,"220":0,"221":0,"222":0,"223":0,"225":0},"branchMap":{"0":{"type":"branch","line":1,"loc":{"start":{"line":1,"column":5944},"end":{"line":226,"column":35}},"locations":[{"start":{"line":1,"column":5944},"end":{"line":226,"column":35}}]}},"b":{"0":[1]},"fnMap":{"0":{"name":"(empty-report)","decl":{"start":{"line":1,"column":5944},"end":{"line":226,"column":35}},"loc":{"start":{"line":1,"column":5944},"end":{"line":226,"column":35}},"line":1}},"f":{"0":1}}
[...]
umn":36}},"831":{"start":{"line":832,"column":0},"end":{"line":832,"column":28}},"832":{"start":{"line":833,"column":0},"end":{"line":833,"column":43}},"833":{"start":{"line":834,"column":0},"end":{"line":834,"column":67}},"835":{"start":{"line":836,"column":0},"end":{"line":836,"column":13}},"837":{"start":{"line":838,"column":0},"end":{"line":838,"column":40}},"838":{"start":{"line":839,"column":0},"end":{"line":839,"column":64}},"840":{"start":{"line":841,"column":0},"end":{"line":841,"column":13}},"842":{"start":{"line":843,"column":0},"end":{"line":843,"column":34}},"843":{"start":{"line":844,"column":0},"end":{"line":844,"column":58}},"845":{"start":{"line":846,"column":0},"end":{"line":846,"column":13}},"846":{"start":{"line":847,"column":0},"end":{"line":847,"column":5}},"849":{"start":{"line":850,"column":0},"end":{"line":850,"column":12}},"850":{"start":{"line":851,"column":0},"end":{"line":851,"column":23}},"851":{"start":{"line":852,"column":0},"end":{"line":852,"column":30}},"852":{"start":{"line":853,"column":0},"end":{"line":853,"column":26}},"853":{"start":{"line":854,"column":0},"end":{"line":854,"column":26}},"854":{"start":{"line":855,"column":0},"end":{"line":855,"column":18}},"855":{"start":{"line":856,"column":0},"end":{"line":856,"column":5}},"856":{"start":{"line":857,"column":0},"end":{"line":857,"column":3}},"861":{"start":{"line":862,"column":0},"end":{"line":862,"column":40}},"862":{"start":{"line":863,"column":0},"end":{"line":863,"column":36}},"863":{"start":{"line":864,"column":0},"end":{"line":864,"column":28}},"864":{"start":{"line":865,"column":0},"end":{"line":865,"column":35}},"865":{"start":{"line":866,"column":0},"end":{"line":866,"column":66}},"870":{"start":{"line":871,"column":0},"end":{"line":871,"column":12}},"871":{"start":{"line":872,"column":0},"end":{"line":872,"column":23}},"872":{"start":{"line":873,"column":0},"end":{"line":873,"column":30}},"873":{"start":{"line":874,"column":0},"end":{"line":874,"column":26}},"874":{"start":{"line":875,"column":0},"end":{"line":875,"column":26}},"875":{"start":{"line":876,"column":0},"end":{"line":876,"column":18}},"876":{"start":{"line":877,"column":0},"end":{"line":877,"column":5}},"877":{"start":{"line":878,"column":0},"end":{"line":878,"column":3}},"882":{"start":{"line":883,"column":0},"end":{"line":883,"column":44}},"883":{"start":{"line":884,"column":0},"end":{"line":884,"column":58}},"884":{"start":{"line":885,"column":0},"end":{"line":885,"column":3}},"885":{"start":{"line":886,"column":0},"end":{"line":886,"column":1}},"894":{"start":{"line":895,"column":0},"end":{"line":895,"column":40}},"895":{"start":{"line":896,"column":0},"end":{"line":896,"column":21}},"896":{"start":{"line":897,"column":0},"end":{"line":897,"column":44}},"897":{"start":{"line":898,"column":0},"end":{"line":898,"column":22}},"898":{"start":{"line":899,"column":0},"end":{"line":899,"column":61}},"899":{"start":{"line":900,"column":0},"end":{"line":900,"column":1}},"901":{"start":{"line":902,"column":0},"end":{"line":902,"column":32}}},"s":{"23":1,"25":1,"26":1,"31":1,"32":1,"33":1,"34":1,"145":1,"146":1,"147":1,"148":1,"151":1,"154":1,"155":1,"160":1,"163":1,"168":1,"171":1,"172":1,"173":1,"174":1,"175":1,"180":1,"181":1,"182":1,"183":1,"184":1,"185":1,"186":1,"187":1,"188":1,"189":1,"190":1,"191":1,"192":1,"193":1,"194":1,"195":1,"196":1,"197":1,"198":1,"199":1,"200":1,"201":1,"202":1,"203":1,"204":1,"205":1,"206":1,"207":1,"208":1,"209":1,"210":1,"211":1,"212":1,"213":1,"214":1,"215":1,"216":1,"217":1,"218":1,"219":1,"220":1,"221":1,"222":1,"223":1,"224":1,"225":1,"227":1,"228":19,"229":19,"230":19,"231":19,"232":19,"233":19,"234":19,"237":19,"238":19,"239":19,"240":19,"241":19,"242":19,"243":19,"244":19,"245":361,"246":361,"247":361,"248":361,"249":361,"250":19,"251":19,"252":19,"253":19,"254":19,"255":19,"256":19,"257":19,"258":19,"259":19,"260":19,"261":19,"262":19,"263":19,"265":19,"266":19,"267":19,"268":19,"269":19,"278":1,"279":2,"280":2,"281":2,"282":2,"283":2,"284":0,"285":0,"287":2,"288":2,"289":2,"292":2,"293":2,"294":2,"295":2,"296":2,"297":2,"299":2,"300":2,"301":8,"302":8,"305":1,"306":1,"307":1,"310":1,"312":1,"313":1,"314":7,"315":7,"316":7,"317":7,"318":7,"319":7,"320":7,"322":7,"325":7,"328":7,"331":7,"332":1,"333":1,"334":1,"337":6,"339":6,"340":6,"341":6,"342":6,"343":6,"344":6,"345":6,"346":6,"347":6,"348":6,"350":6,"351":6,"354":6,"355":6,"356":6,"357":6,"358":6,"359":7,"360":8,"363":0,"364":0,"367":0,"368":0,"369":0,"371":0,"372":0,"374":0,"375":0,"376":2,"378":2,"379":2,"380":2,"389":1,"390":0,"391":0,"392":0,"393":0,"394":0,"395":0,"397":0,"399":0,"401":0,"402":0,"403":0,"404":0,"405":0,"406":0,"407":0,"408":0,"409":0,"410":0,"411":0,"414":0,"415":0,"416":0,"417":0,"418":0,"419":0,"420":0,"421":0,"422":0,"425":0,"426":0,"427":0,"428":0,"429":0,"430":0,"431":0,"432":0,"433":0,"435":0,"436":0,"437":0,"438":0,"439":0,"440":0,"441":0,"442":0,"443":0,"444":0,"445":0,"446":0,"447":0,"448":0,"449":0,"450":0,"451":0,"452":0,"453":0,"454":0,"455":0,"456":0,"463":1,"464":0,"465":0,"473":1,"474":0,"475":0,"476":0,"477":0,"478":0,"479":0,"480":0,"481":0,"482":0,"490":1,"491":0,"493":0,"494":0,"495":0,"496":0,"497":0,"499":0,"501":0,"502":0,"503":0,"504":0,"505":0,"506":0,"511":1,"512":19,"513":19,"514":19,"515":19,"524":1,"525":7,"526":7,"527":7,"528":7,"529":7,"531":7,"532":0,"533":0,"536":7,"537":0,"538":0,"541":7,"542":1,"543":1,"546":7,"547":0,"548":0,"550":6,"551":7,"556":1,"557":6,"558":6,"559":6,"561":6,"562":6,"567":1,"568":7,"569":7,"570":7,"571":7,"573":7,"576":7,"577":7,"578":7,"579":7,"581":7,"582":5,"583":5,"584":7,"587":7,"588":7,"590":7,"591":7,"593":7,"594":7,"595":7,"600":1,"601":7,"602":7,"604":7,"605":5,"606":5,"607":5,"608":2,"609":2,"610":2,"611":2,"612":2,"613":2,"614":2,"615":2,"618":7,"619":7,"620":7,"621":1,"622":1,"623":1,"624":1,"625":1,"626":1,"627":1,"628":1,"629":1,"630":1,"631":7,"636":1,"637":7,"638":7,"640":7,"641":7,"642":7,"647":1,"648":1,"650":1,"651":1,"652":1,"653":1,"654":1,"656":1,"657":1,"662":1,"663":1,"664":1,"665":1,"666":1,"667":1,"669":1,"670":1,"671":1,"672":1,"673":1,"674":1,"675":1,"678":1,"679":1,"680":1,"681":1,"682":1,"683":1,"684":1,"685":1,"686":1,"687":1,"688":1,"689":1,"690":1,"691":1,"692":1,"693":1,"694":1,"695":1,"696":1,"697":1,"698":1,"699":1,"700":1,"701":0,"702":0,"703":0,"704":0,"705":0,"706":0,"707":0,"708":1,"713":1,"714":1,"715":1,"716":1,"717":1,"719":1,"720":1,"721":1,"724":1,"725":1,"726":1,"727":1,"728":1,"729":1,"730":1,"731":1,"732":1,"733":1,"734":1,"735":1,"736":1,"737":1,"738":1,"739":1,"740":1,"741":1,"742":1,"743":1,"744":1,"745":1,"746":1,"747":1,"748":1,"749":1,"750":1,"751":0,"752":0,"753":0,"754":0,"755":0,"756":0,"757":1,"762":1,"764":0,"765":0,"766":0,"769":0,"770":0,"771":0,"774":0,"775":0,"776":0,"777":0,"779":0,"780":0,"785":1,"786":0,"787":0,"788":0,"789":0,"790":0,"791":0,"792":0,"793":0,"794":0,"798":0,"803":1,"804":0,"806":0,"807":0,"808":0,"810":0,"811":0,"812":0,"814":0,"815":0,"816":0,"817":0,"819":0,"820":0,"825":1,"826":0,"827":0,"828":0,"829":0,"831":0,"832":0,"833":0,"835":0,"837":0,"838":0,"840":0,"842":0,"843":0,"845":0,"846":0,"849":0,"850":0,"851":0,"852":0,"853":0,"854":0,"855":0,"856":0,"861":1,"862":0,"863":0,"864":0,"865":0,"870":0,"871":0,"872":0,"873":0,"874":0,"875":0,"876":0,"877":0,"882":1,"883":6,"884":6,"885":1,"894":1,"895":0,"896":0,"897":0,"898":0,"899":0,"901":1},"branchMap":{"0":{"type":"branch","line":32,"loc":{"start":{"line":32,"column":7},"end":{"line":32,"column":23}},"locations":[{"start":{"line":32,"column":7},"end":{"line":32,"column":23}}]},"1":{"type":"branch","line":146,"loc":{"start":{"line":146,"column":31},"end":{"line":886,"column":1}},"locations":[{"start":{"line":146,"column":31},"end":{"line":886,"column":1}}]},"2":{"type":"branch","line":146,"loc":{"start":{"line":146,"column":31},"end":{"line":886,"column":1}},"locations":[{"start":{"line":146,"column":31},"end":{"line":886,"column":1}}]},"3":{"type":"branch","line":228,"loc":{"start":{"line":228,"column":2},"end":{"line":270,"column":3}},"locations":[{"start":{"line":228,"column":2},"end":{"line":270,"column":3}}]},"4":{"type":"branch","line":245,"loc":{"start":{"line":245,"column":37},"end":{"line":251,"column":10}},"locations":[{"start":{"line":245,"column":37},"end":{"line":251,"column":10}}]},"5":{"type":"branch","line":279,"loc":{"start":{"line":279,"column":2},"end":{"line":381,"column":3}},"locations":[{"start":{"line":279,"column":2},"end":{"line":381,"column":3}}]},"6":{"type":"branch","line":284,"loc":{"start":{"line":284,"column":19},"end":{"line":286,"column":5}},"locations":[{"start":{"line":284,"column":19},"end":{"line":286,"column":5}}]},"7":{"type":"branch","line":301,"loc":{"start":{"line":301,"column":45},"end":{"line":361,"column":7}},"locations":[{"start":{"line":301,"column":45},"end":{"line":361,"column":7}}]},"8":{"type":"branch","line":303,"loc":{"start":{"line":303,"column":41},"end":{"line":314,"column":9}},"locations":[{"start":{"line":303,"column":41},"end":{"line":314,"column":9}}]},"9":{"type":"branch","line":314,"loc":{"start":{"line":314,"column":8},"end":{"line":360,"column":9}},"locations":[{"start":{"line":314,"column":8},"end":{"line":360,"column":9}}]},"10":{"type":"branch","line":332,"loc":{"start":{"line":332,"column":78},"end":{"line":335,"column":11}},"locations":[{"start":{"line":332,"column":78},"end":{"line":335,"column":11}}]},"11":{"type":"branch","line":335,"loc":{"start":{"line":335,"column":10},"end":{"line":359,"column":11}},"locations":[{"start":{"line":335,"column":10},"end":{"line":359,"column":11}}]},"12":{"type":"branch","line":361,"loc":{"start":{"line":361,"column":6},"end":{"line":376,"column":5}},"locations":[{"start":{"line":361,"column":6},"end":{"line":376,"column":5}}]},"13":{"type":"branch","line":512,"loc":{"start":{"line":512,"column":2},"end":{"line":516,"column":3}},"locations":[{"start":{"line":512,"column":2},"end":{"line":516,"column":3}}]},"14":{"type":"branch","line":525,"loc":{"start":{"line":525,"column":10},"end":{"line":552,"column":3}},"locations":[{"start":{"line":525,"column":10},"end":{"line":552,"column":3}}]},"15":{"type":"branch","line":532,"loc":{"start":{"line":532,"column":40},"end":{"line":534,"column":5}},"locations":[{"start":{"line":532,"column":40},"end":{"line":534,"column":5}}]},"16":{"type":"branch","line":537,"loc":{"start":{"line":537,"column":56},"end":{"line":539,"column":5}},"locations":[{"start":{"line":537,"column":56},"end":{"line":539,"column":5}}]},"17":{"type":"branch","line":542,"loc":{"start":{"line":542,"column":48},"end":{"line":544,"column":5}},"locations":[{"start":{"line":542,"column":48},"end":{"line":544,"column":5}}]},"18":{"type":"branch","line":544,"loc":{"start":{"line":544,"column":4},"end":{"line":547,"column":39}},"locations":[{"start":{"line":544,"column":4},"end":{"line":547,"column":39}}]},"19":{"type":"branch","line":547,"loc":{"start":{"line":547,"column":39},"end":{"line":549,"column":5}},"locations":[{"start":{"line":547,"column":39},"end":{"line":549,"column":5}}]},"20":{"type":"branch","line":549,"loc":{"start":{"line":549,"column":4},"end":{"line":551,"column":15}},"locations":[{"start":{"line":549,"column":4},"end":{"line":551,"column":15}}]},"21":{"type":"branch","line":557,"loc":{"start":{"line":557,"column":10},"end":{"line":563,"column":3}},"locations":[{"start":{"line":557,"column":10},"end":{"line":563,"column":3}}]},"22":{"type":"branch","line":568,"loc":{"start":{"line":568,"column":10},"end":{"line":596,"column":3}},"locations":[{"start":{"line":568,"column":10},"end":{"line":596,"column":3}}]},"23":{"type":"branch","line":582,"loc":{"start":{"line":582,"column":23},"end":{"line":584,"column":7}},"locations":[{"start":{"line":582,"column":23},"end":{"line":584,"column":7}}]},"24":{"type":"branch","line":592,"loc":{"start":{"line":592,"column":65},"end":{"line":592,"column":75}},"locations":[{"start":{"line":592,"column":65},"end":{"line":592,"column":75}}]},"25":{"type":"branch","line":595,"loc":{"start":{"line":595,"column":70},"end":{"line":595,"column":80}},"locations":[{"start":{"line":595,"column":70},"end":{"line":595,"column":80}}]},"26":{"type":"branch","line":601,"loc":{"start":{"line":601,"column":10},"end":{"line":632,"column":3}},"locations":[{"start":{"line":601,"column":10},"end":{"line":632,"column":3}}]},"27":{"type":"branch","line":605,"loc":{"start":{"line":605,"column":18},"end":{"line":608,"column":5}},"locations":[{"start":{"line":605,"column":18},"end":{"line":608,"column":5}}]},"28":{"type":"branch","line":608,"loc":{"start":{"line":608,"column":4},"end":{"line":616,"column":5}},"locations":[{"start":{"line":608,"column":4},"end":{"line":616,"column":5}}]},"29":{"type":"branch","line":620,"loc":{"start":{"line":620,"column":18},"end":{"line":620,"column":24}},"locations":[{"start":{"line":620,"column":18},"end":{"line":620,"column":24}}]},"30":{"type":"branch","line":621,"loc":{"start":{"line":621,"column":86},"end":{"line":631,"column":5}},"locations":[{"start":{"line":621,"column":86},"end":{"line":631,"column":5}}]},"31":{"type":"branch","line":637,"loc":{"start":{"line":637,"column":10},"end":{"line":643,"column":3}},"locations":[{"start":{"line":637,"column":10},"end":{"line":643,"column":3}}]},"32":{"type":"branch","line":648,"loc":{"start":{"line":648,"column":10},"end":{"line":658,"column":3}},"locations":[{"start":{"line":648,"column":10},"end":{"line":658,"column":3}}]},"33":{"type":"branch","line":651,"loc":{"start":{"line":651,"column":40},"end":{"line":655,"column":5}},"locations":[{"start":{"line":651,"column":40},"end":{"line":655,"column":5}}]},"34":{"type":"branch","line":657,"loc":{"start":{"line":657,"column":25},"end":{"line":657,"column":71}},"locations":[{"start":{"line":657,"column":25},"end":{"line":657,"column":71}}]},"35":{"type":"branch","line":663,"loc":{"start":{"line":663,"column":2},"end":{"line":709,"column":3}},"locations":[{"start":{"line":663,"column":2},"end":{"line":709,"column":3}}]},"36":{"type":"branch","line":701,"loc":{"start":{"line":701,"column":4},"end":{"line":708,"column":5}},"locations":[{"start":{"line":701,"column":4},"end":{"line":708,"column":5}}]},"37":{"type":"branch","line":714,"loc":{"start":{"line":714,"column":2},"end":{"line":758,"column":3}},"locations":[{"start":{"line":714,"column":2},"end":{"line":758,"column":3}}]},"38":{"type":"branch","line":751,"loc":{"start":{"line":751,"column":4},"end":{"line":757,"column":5}},"locations":[{"start":{"line":751,"column":4},"end":{"line":757,"column":5}}]},"39":{"type":"branch","line":883,"loc":{"start":{"line":883,"column":10},"end":{"line":885,"column":3}},"locations":[{"start":{"line":883,"column":10},"end":{"line":885,"column":3}}]},"40":{"type":"branch","line":884,"loc":{"start":{"line":884,"column":23},"end":{"line":884,"column":57}},"locations":[{"start":{"line":884,"column":23},"end":{"line":884,"column":57}}]}},"b":{"0":[1],"1":[19],"2":[1],"3":[19],"4":[361],"5":[2],"6":[0],"7":[8],"8":[1],"9":[7],"10":[1],"11":[6],"12":[0],"13":[19],"14":[7],"15":[0],"16":[0],"17":[1],"18":[6],"19":[0],"20":[6],"21":[6],"22":[7],"23":[5],"24":[2],"25":[2],"26":[7],"27":[5],"28":[2],"29":[0],"30":[1],"31":[7],"32":[1],"33":[1],"34":[1],"35":[1],"36":[0],"37":[1],"38":[0],"39":[6],"40":[6]},"fnMap":{"0":{"name":"<instance_members_initializer>","decl":{"start":{"line":146,"column":31},"end":{"line":886,"column":1}},"loc":{"start":{"line":146,"column":31},"end":{"line":886,"column":1}},"line":146},"1":{"name":"<static_initializer>","decl":{"start":{"line":146,"column":31},"end":{"line":886,"column":1}},"loc":{"start":{"line":146,"column":31},"end":{"line":886,"column":1}},"line":146},"2":{"name":"StageErrorHandler","decl":{"start":{"line":228,"column":2},"end":{"line":270,"column":3}},"loc":{"start":{"line":228,"column":2},"end":{"line":270,"column":3}},"line":228},"3":{"name":"executeWithErrorHandling","decl":{"start":{"line":279,"column":2},"end":{"line":381,"column":3}},"loc":{"start":{"line":279,"column":2},"end":{"line":381,"column":3}},"line":279},"4":{"name":"attemptRecovery","decl":{"start":{"line":390,"column":2},"end":{"line":457,"column":3}},"loc":{"start":{"line":390,"column":2},"end":{"line":457,"column":3}},"line":390},"5":{"name":"getErrorStats","decl":{"start":{"line":464,"column":2},"end":{"line":466,"column":3}},"loc":{"start":{"line":464,"column":2},"end":{"line":466,"column":3}},"line":464},"6":{"name":"updateStageStrategy","decl":{"start":{"line":474,"column":2},"end":{"line":483,"column":3}},"loc":{"start":{"line":474,"column":2},"end":{"line":483,"column":3}},"line":474},"7":{"name":"resetPersistentErrors","decl":{"start":{"line":491,"column":2},"end":{"line":507,"column":3}},"loc":{"start":{"line":491,"column":2},"end":{"line":507,"column":3}},"line":491},"8":{"name":"dispose","decl":{"start":{"line":512,"column":2},"end":{"line":516,"column":3}},"loc":{"start":{"line":512,"column":2},"end":{"line":516,"column":3}},"line":512},"9":{"name":"shouldRetry","decl":{"start":{"line":525,"column":10},"end":{"line":552,"column":3}},"loc":{"start":{"line":525,"column":10},"end":{"line":552,"column":3}},"line":525},"10":{"name":"calculateRetryDelay","decl":{"start":{"line":557,"column":10},"end":{"line":563,"column":3}},"loc":{"start":{"line":557,"column":10},"end":{"line":563,"column":3}},"line":557},"11":{"name":"updateErrorStats","decl":{"start":{"line":568,"column":10},"end":{"line":596,"column":3}},"loc":{"start":{"line":568,"column":10},"end":{"line":596,"column":3}},"line":568},"12":{"name":"trackPersistentError","decl":{"start":{"line":601,"column":10},"end":{"line":632,"column":3}},"loc":{"start":{"line":601,"column":10},"end":{"line":632,"column":3}},"line":601},"13":{"name":"isPersistentError","decl":{"start":{"line":637,"column":10},"end":{"line":643,"column":3}},"loc":{"start":{"line":637,"column":10},"end":{"line":643,"column":3}},"line":637},"14":{"name":"resetPersistentErrorTracking","decl":{"start":{"line":648,"column":10},"end":{"line":658,"column":3}},"loc":{"start":{"line":648,"column":10},"end":{"line":658,"column":3}},"line":648},"15":{"name":"recordSuccessfulRecovery","decl":{"start":{"line":663,"column":2},"end":{"line":709,"column":3}},"loc":{"start":{"line":663,"column":2},"end":{"line":709,"column":3}},"line":663},"16":{"name":"recordFinalFailure","decl":{"start":{"line":714,"column":2},"end":{"line":758,"column":3}},"loc":{"start":{"line":714,"column":2},"end":{"line":758,"column":3}},"line":714},"17":{"name":"shouldEscalate","decl":{"start":{"line":763,"column":10},"end":{"line":781,"column":3}},"loc":{"start":{"line":763,"column":10},"end":{"line":781,"column":3}},"line":763},"18":{"name":"escalateError","decl":{"start":{"line":786,"column":2},"end":{"line":799,"column":3}},"loc":{"start":{"line":786,"column":2},"end":{"line":799,"column":3}},"line":786},"19":{"name":"getEscalationReason","decl":{"start":{"line":804,"column":10},"end":{"line":821,"column":3}},"loc":{"start":{"line":804,"column":10},"end":{"line":821,"column":3}},"line":804},"20":{"name":"attemptStageSpecificRecovery","decl":{"start":{"line":826,"column":2},"end":{"line":857,"column":3}},"loc":{"start":{"line":826,"column":2},"end":{"line":857,"column":3}},"line":826},"21":{"name":"attemptFallbackRecovery","decl":{"start":{"line":862,"column":2},"end":{"line":878,"column":3}},"loc":{"start":{"line":862,"column":2},"end":{"line":878,"column":3}},"line":862},"22":{"name":"sleep","decl":{"start":{"line":883,"column":10},"end":{"line":885,"column":3}},"loc":{"start":{"line":883,"column":10},"end":{"line":885,"column":3}},"line":883},"23":{"name":"createStageErrorHandler","decl":{"start":{"line":895,"column":7},"end":{"line":900,"column":1}},"loc":{"start":{"line":895,"column":7},"end":{"line":900,"column":1}},"line":895}},"f":{"0":19,"1":1,"2":19,"3":2,"4":0,"5":0,"6":0,"7":0,"8":19,"9":7,"10":6,"11":7,"12":7,"13":7,"14":1,"15":1,"16":1,"17":0,"18":0,"19":0,"20":0,"21":0,"22":6,"23":0}}
}
